<?xml version="1.0" encoding="UTF-8"?>
<!-- Generated by org.testng.reporters.JUnitXMLReporter -->
<testsuite ignored="0" hostname="DeepakMamidi" failures="5" tests="7" name="PreProd Environment" time="10.316" errors="0" timestamp="2024-09-25T20:56:12 IST">
  <testcase classname="com.APIAutomation7xBatchPractice.sep23rd.CreateToken" name="getToken" time="3.48">
    <failure type="java.lang.AssertionError" message="
Expecting actual:
  3422L
to be between:
  [1000L, 3000L]
">
      <![CDATA[java.lang.AssertionError: 
Expecting actual:
  3422L
to be between:
  [1000L, 3000L]

at com.APIAutomation7xBatchPractice.sep23rd.CreateToken.getToken(CreateToken.java:46)
at java.base/java.util.ArrayList.forEach(ArrayList.java:1597)
at com.APIAutomation7xBatchPractice.sep23rd.RunXmlFiles.main(RunXmlFiles.java:19)
... Removed 22 stack frames]]>
    </failure>
  </testcase> <!-- getToken -->
  <testcase classname="com.APIAutomation7xBatchPractice.sep23rd.CreateBooking" name="getBookingId" time="0.0">
    <failure type="org.testng.TestNGException" message="
Parameter &amp;apos;host&amp;apos; is required by @Test on method getBookingId but has not been marked @Optional or defined
in C:\Users\Dell\IdeaProjects\APIAutomation7xBatchPractice\preprod.xml">
      <![CDATA[org.testng.TestNGException: 
Parameter 'host' is required by @Test on method getBookingId but has not been marked @Optional or defined
in C:\Users\Dell\IdeaProjects\APIAutomation7xBatchPractice\preprod.xml
at java.base/java.util.ArrayList.forEach(ArrayList.java:1597)
at com.APIAutomation7xBatchPractice.sep23rd.RunXmlFiles.main(RunXmlFiles.java:19)
... Removed 23 stack frames]]>
    </failure>
  </testcase> <!-- getBookingId -->
  <testcase classname="com.APIAutomation7xBatchPractice.sep23rd.GetCreatedBookingDetails" name="getCreatedBookingDetails" time="1.324">
    <failure type="io.restassured.path.json.exception.JsonPathException" message="Failed to parse the JSON document">
      <![CDATA[io.restassured.path.json.exception.JsonPathException: Failed to parse the JSON document
at io.restassured.path.json.JsonPath$ExceptionCatcher.invoke(JsonPath.java:1002)
at io.restassured.path.json.JsonPath$4.doParseWith(JsonPath.java:967)
at io.restassured.path.json.JsonPath$JsonParser.parseWith(JsonPath.java:1047)
at io.restassured.path.json.JsonPath.get(JsonPath.java:202)
at io.restassured.path.json.JsonPath.getString(JsonPath.java:352)
at com.APIAutomation7xBatchPractice.sep23rd.GetCreatedBookingDetails.getCreatedBookingDetails(GetCreatedBookingDetails.java:34)
at java.base/java.util.ArrayList.forEach(ArrayList.java:1597)
at com.APIAutomation7xBatchPractice.sep23rd.RunXmlFiles.main(RunXmlFiles.java:19)
Caused by: groovy.json.JsonException: Lexing failed on line: 1, column: 1, while reading 'N', no possible valid JSON value or punctuation could be recognized.
at groovy.json.JsonLexer.nextToken(JsonLexer.java:86)
at groovy.json.JsonLexer$nextToken.call(Unknown Source)
at io.restassured.internal.path.json.ConfigurableJsonSlurper.parse(ConfigurableJsonSlurper.groovy:97)
at io.restassured.internal.path.json.ConfigurableJsonSlurper$parse.callCurrent(Unknown Source)
at io.restassured.internal.path.json.ConfigurableJsonSlurper.parseText(ConfigurableJsonSlurper.groovy:83)
at io.restassured.path.json.JsonPath$4$1.method(JsonPath.java:965)
at io.restassured.path.json.JsonPath$ExceptionCatcher.invoke(JsonPath.java:1000)
... 29 more
... Removed 22 stack frames]]>
    </failure>
  </testcase> <!-- getCreatedBookingDetails -->
  <testcase classname="com.APIAutomation7xBatchPractice.sep23rd.UpdateCreatedBooking" name="updateExistingBooking" time="1.392">
    <failure type="io.restassured.path.json.exception.JsonPathException" message="Failed to parse the JSON document">
      <![CDATA[io.restassured.path.json.exception.JsonPathException: Failed to parse the JSON document
at io.restassured.path.json.JsonPath$ExceptionCatcher.invoke(JsonPath.java:1002)
at io.restassured.path.json.JsonPath$4.doParseWith(JsonPath.java:967)
at io.restassured.path.json.JsonPath$JsonParser.parseWith(JsonPath.java:1047)
at io.restassured.path.json.JsonPath.get(JsonPath.java:202)
at io.restassured.path.json.JsonPath.getString(JsonPath.java:352)
at com.APIAutomation7xBatchPractice.sep23rd.UpdateCreatedBooking.updateExistingBooking(UpdateCreatedBooking.java:50)
at java.base/java.util.ArrayList.forEach(ArrayList.java:1597)
at com.APIAutomation7xBatchPractice.sep23rd.RunXmlFiles.main(RunXmlFiles.java:19)
Caused by: groovy.json.JsonException: Lexing failed on line: 1, column: 1, while reading 'F', no possible valid JSON value or punctuation could be recognized.
at groovy.json.JsonLexer.nextToken(JsonLexer.java:86)
at groovy.json.JsonLexer$nextToken.call(Unknown Source)
at io.restassured.internal.path.json.ConfigurableJsonSlurper.parse(ConfigurableJsonSlurper.groovy:97)
at io.restassured.internal.path.json.ConfigurableJsonSlurper$parse.callCurrent(Unknown Source)
at io.restassured.internal.path.json.ConfigurableJsonSlurper.parseText(ConfigurableJsonSlurper.groovy:83)
at io.restassured.path.json.JsonPath$4$1.method(JsonPath.java:965)
at io.restassured.path.json.JsonPath$ExceptionCatcher.invoke(JsonPath.java:1000)
... 29 more
... Removed 22 stack frames]]>
    </failure>
  </testcase> <!-- updateExistingBooking -->
  <testcase classname="com.APIAutomation7xBatchPractice.sep23rd.GetUpdatedBookingDetails" name="getUpdatedBookingDetails" time="1.367">
    <failure type="io.restassured.path.json.exception.JsonPathException" message="Failed to parse the JSON document">
      <![CDATA[io.restassured.path.json.exception.JsonPathException: Failed to parse the JSON document
at io.restassured.path.json.JsonPath$ExceptionCatcher.invoke(JsonPath.java:1002)
at io.restassured.path.json.JsonPath$4.doParseWith(JsonPath.java:967)
at io.restassured.path.json.JsonPath$JsonParser.parseWith(JsonPath.java:1047)
at io.restassured.path.json.JsonPath.get(JsonPath.java:202)
at io.restassured.path.json.JsonPath.getString(JsonPath.java:352)
at com.APIAutomation7xBatchPractice.sep23rd.GetUpdatedBookingDetails.getUpdatedBookingDetails(GetUpdatedBookingDetails.java:35)
at java.base/java.util.ArrayList.forEach(ArrayList.java:1597)
at com.APIAutomation7xBatchPractice.sep23rd.RunXmlFiles.main(RunXmlFiles.java:19)
Caused by: groovy.json.JsonException: Lexing failed on line: 1, column: 1, while reading 'N', no possible valid JSON value or punctuation could be recognized.
at groovy.json.JsonLexer.nextToken(JsonLexer.java:86)
at groovy.json.JsonLexer$nextToken.call(Unknown Source)
at io.restassured.internal.path.json.ConfigurableJsonSlurper.parse(ConfigurableJsonSlurper.groovy:97)
at io.restassured.internal.path.json.ConfigurableJsonSlurper$parse.callCurrent(Unknown Source)
at io.restassured.internal.path.json.ConfigurableJsonSlurper.parseText(ConfigurableJsonSlurper.groovy:83)
at io.restassured.path.json.JsonPath$4$1.method(JsonPath.java:965)
at io.restassured.path.json.JsonPath$ExceptionCatcher.invoke(JsonPath.java:1000)
... 29 more
... Removed 22 stack frames]]>
    </failure>
  </testcase> <!-- getUpdatedBookingDetails -->
  <testcase classname="com.APIAutomation7xBatchPractice.sep23rd.DeleteCreatedBooking" name="deleteCreateBooking" time="1.312"/>
  <testcase classname="com.APIAutomation7xBatchPractice.sep23rd.GetDeletedBookingDetails" name="getDeletedBookingDetails" time="1.368"/>
</testsuite> <!-- PreProd Environment -->
