<?xml version="1.0" encoding="UTF-8"?>
<!-- Generated by org.testng.reporters.JUnitXMLReporter -->
<testsuite ignored="0" hostname="INDHYDMMKTECHTEMPC-207" failures="0" tests="7" name="Stag Environment" time="7.912" errors="0" timestamp="2024-09-24T14:09:54 IST">
  <testcase classname="com.APIAutomation7xBatchPractice.sep23rd.CreateToken" name="getToken" time="1.131"/>
  <testcase classname="com.APIAutomation7xBatchPractice.sep23rd.CreateBooking" name="getBookingId" time="1.156"/>
  <testcase classname="com.APIAutomation7xBatchPractice.sep23rd.GetCreatedBookingDetails" name="getCreatedBookingDetails" time="1.127"/>
  <testcase classname="com.APIAutomation7xBatchPractice.sep23rd.UpdateCreatedBooking" name="updateExistingBooking" time="1.176"/>
  <testcase classname="com.APIAutomation7xBatchPractice.sep23rd.GetUpdatedBookingDetails" name="getUpdatedBookingDetails" time="1.103"/>
  <testcase classname="com.APIAutomation7xBatchPractice.sep23rd.DeleteCreatedBooking" name="deleteCreateBooking" time="1.08"/>
  <testcase classname="com.APIAutomation7xBatchPractice.sep23rd.GetDeletedBookingDetails" name="getDeletedBookingDetails" time="1.119"/>
</testsuite> <!-- Stag Environment -->
