<?xml version="1.0" encoding="UTF-8"?>
<!-- Generated by org.testng.reporters.JUnitXMLReporter -->
<testsuite ignored="0" hostname="INDHYDMMKTECHTEMPC-207" failures="0" tests="5" name="QA Environment" time="8.273" errors="0" timestamp="2024-09-24T14:09:46 IST">
  <testcase classname="com.APIAutomation7xBatchPractice.sep23rd.CreateToken" name="getToken" time="3.587"/>
  <testcase classname="com.APIAutomation7xBatchPractice.sep23rd.CreateBooking" name="getBookingId" time="1.161"/>
  <testcase classname="com.APIAutomation7xBatchPractice.sep23rd.GetCreatedBookingDetails" name="getCreatedBookingDetails" time="1.121"/>
  <testcase classname="com.APIAutomation7xBatchPractice.sep23rd.UpdateCreatedBooking" name="updateExistingBooking" time="1.125"/>
  <testcase classname="com.APIAutomation7xBatchPractice.sep23rd.DeleteCreatedBooking" name="deleteCreateBooking" time="1.092"/>
</testsuite> <!-- QA Environment -->
