<?xml version="1.0" encoding="UTF-8"?>
<!-- Generated by org.testng.reporters.JUnitXMLReporter -->
<testsuite ignored="0" hostname="INDHYDMMKTECHTEMPC-207" failures="0" tests="5" name="QA Environment" time="9.044" errors="0" timestamp="2024-09-25T17:49:14 IST">
  <testcase classname="com.APIAutomation7xBatchPractice.sep23rd.CreateToken" name="getToken" time="4.14"/>
  <testcase classname="com.APIAutomation7xBatchPractice.sep23rd.CreateBooking" name="getBookingId" time="1.233"/>
  <testcase classname="com.APIAutomation7xBatchPractice.sep23rd.GetCreatedBookingDetails" name="getCreatedBookingDetails" time="1.158"/>
  <testcase classname="com.APIAutomation7xBatchPractice.sep23rd.UpdateCreatedBooking" name="updateExistingBooking" time="1.151"/>
  <testcase classname="com.APIAutomation7xBatchPractice.sep23rd.DeleteCreatedBooking" name="deleteCreateBooking" time="1.108"/>
</testsuite> <!-- QA Environment -->
