<?xml version="1.0" encoding="UTF-8"?>
<testng-results ignored="0" total="19" passed="19" failed="0" skipped="0">
  <reporter-output>
  </reporter-output>
  <suite started-at="2024-09-24T14:09:37 IST" name="Tuesday_qa_Report" finished-at="2024-09-24T14:09:46 IST" duration-ms="8273">
    <groups>
      <group name="qa">
        <method signature="CreateBooking.getBookingId(org.testng.ITestContext)[pri:0, instance:com.APIAutomation7xBatchPractice.sep23rd.CreateBooking@fac80]" name="getBookingId" class="com.APIAutomation7xBatchPractice.sep23rd.CreateBooking"/>
        <method signature="CreateToken.getToken(org.testng.ITestContext)[pri:0, instance:com.APIAutomation7xBatchPractice.sep23rd.CreateToken@e3cee7b]" name="getToken" class="com.APIAutomation7xBatchPractice.sep23rd.CreateToken"/>
        <method signature="DeleteCreatedBooking.deleteCreateBooking(org.testng.ITestContext)[pri:0, instance:com.APIAutomation7xBatchPractice.sep23rd.DeleteCreatedBooking@14bb2297]" name="deleteCreateBooking" class="com.APIAutomation7xBatchPractice.sep23rd.DeleteCreatedBooking"/>
        <method signature="GetCreatedBookingDetails.getCreatedBookingDetails(org.testng.ITestContext)[pri:0, instance:com.APIAutomation7xBatchPractice.sep23rd.GetCreatedBookingDetails@726386ed]" name="getCreatedBookingDetails" class="com.APIAutomation7xBatchPractice.sep23rd.GetCreatedBookingDetails"/>
        <method signature="UpdateCreatedBooking.updateExistingBooking(org.testng.ITestContext)[pri:0, instance:com.APIAutomation7xBatchPractice.sep23rd.UpdateCreatedBooking@649f2009]" name="updateExistingBooking" class="com.APIAutomation7xBatchPractice.sep23rd.UpdateCreatedBooking"/>
      </group> <!-- qa -->
      <group name="stag">
        <method signature="CreateBooking.getBookingId(org.testng.ITestContext)[pri:0, instance:com.APIAutomation7xBatchPractice.sep23rd.CreateBooking@fac80]" name="getBookingId" class="com.APIAutomation7xBatchPractice.sep23rd.CreateBooking"/>
        <method signature="CreateToken.getToken(org.testng.ITestContext)[pri:0, instance:com.APIAutomation7xBatchPractice.sep23rd.CreateToken@e3cee7b]" name="getToken" class="com.APIAutomation7xBatchPractice.sep23rd.CreateToken"/>
        <method signature="DeleteCreatedBooking.deleteCreateBooking(org.testng.ITestContext)[pri:0, instance:com.APIAutomation7xBatchPractice.sep23rd.DeleteCreatedBooking@14bb2297]" name="deleteCreateBooking" class="com.APIAutomation7xBatchPractice.sep23rd.DeleteCreatedBooking"/>
        <method signature="GetCreatedBookingDetails.getCreatedBookingDetails(org.testng.ITestContext)[pri:0, instance:com.APIAutomation7xBatchPractice.sep23rd.GetCreatedBookingDetails@726386ed]" name="getCreatedBookingDetails" class="com.APIAutomation7xBatchPractice.sep23rd.GetCreatedBookingDetails"/>
        <method signature="UpdateCreatedBooking.updateExistingBooking(org.testng.ITestContext)[pri:0, instance:com.APIAutomation7xBatchPractice.sep23rd.UpdateCreatedBooking@649f2009]" name="updateExistingBooking" class="com.APIAutomation7xBatchPractice.sep23rd.UpdateCreatedBooking"/>
      </group> <!-- stag -->
      <group name="preprod">
        <method signature="CreateBooking.getBookingId(org.testng.ITestContext)[pri:0, instance:com.APIAutomation7xBatchPractice.sep23rd.CreateBooking@fac80]" name="getBookingId" class="com.APIAutomation7xBatchPractice.sep23rd.CreateBooking"/>
        <method signature="CreateToken.getToken(org.testng.ITestContext)[pri:0, instance:com.APIAutomation7xBatchPractice.sep23rd.CreateToken@e3cee7b]" name="getToken" class="com.APIAutomation7xBatchPractice.sep23rd.CreateToken"/>
        <method signature="DeleteCreatedBooking.deleteCreateBooking(org.testng.ITestContext)[pri:0, instance:com.APIAutomation7xBatchPractice.sep23rd.DeleteCreatedBooking@14bb2297]" name="deleteCreateBooking" class="com.APIAutomation7xBatchPractice.sep23rd.DeleteCreatedBooking"/>
        <method signature="GetCreatedBookingDetails.getCreatedBookingDetails(org.testng.ITestContext)[pri:0, instance:com.APIAutomation7xBatchPractice.sep23rd.GetCreatedBookingDetails@726386ed]" name="getCreatedBookingDetails" class="com.APIAutomation7xBatchPractice.sep23rd.GetCreatedBookingDetails"/>
        <method signature="UpdateCreatedBooking.updateExistingBooking(org.testng.ITestContext)[pri:0, instance:com.APIAutomation7xBatchPractice.sep23rd.UpdateCreatedBooking@649f2009]" name="updateExistingBooking" class="com.APIAutomation7xBatchPractice.sep23rd.UpdateCreatedBooking"/>
      </group> <!-- preprod -->
    </groups>
    <test started-at="2024-09-24T14:09:37 IST" name="QA Environment" finished-at="2024-09-24T14:09:46 IST" duration-ms="8273">
      <class name="com.APIAutomation7xBatchPractice.sep23rd.CreateToken">
        <test-method signature="getToken(org.testng.ITestContext)[pri:0, instance:com.APIAutomation7xBatchPractice.sep23rd.CreateToken@e3cee7b]" started-at="2024-09-24T14:09:37 IST" name="getToken" finished-at="2024-09-24T14:09:41 IST" duration-ms="3587" status="PASS">
          <params>
            <param index="0">
              <value>
                <![CDATA[org.testng.TestRunner@8c0a23f]]>
              </value>
            </param>
          </params>
          <reporter-output>
          </reporter-output>
        </test-method> <!-- getToken -->
      </class> <!-- com.APIAutomation7xBatchPractice.sep23rd.CreateToken -->
      <class name="com.APIAutomation7xBatchPractice.sep23rd.GetCreatedBookingDetails">
        <test-method signature="getCreatedBookingDetails(org.testng.ITestContext)[pri:0, instance:com.APIAutomation7xBatchPractice.sep23rd.GetCreatedBookingDetails@726386ed]" started-at="2024-09-24T14:09:42 IST" name="getCreatedBookingDetails" finished-at="2024-09-24T14:09:43 IST" duration-ms="1121" status="PASS">
          <params>
            <param index="0">
              <value>
                <![CDATA[org.testng.TestRunner@8c0a23f]]>
              </value>
            </param>
          </params>
          <reporter-output>
          </reporter-output>
        </test-method> <!-- getCreatedBookingDetails -->
      </class> <!-- com.APIAutomation7xBatchPractice.sep23rd.GetCreatedBookingDetails -->
      <class name="com.APIAutomation7xBatchPractice.sep23rd.CreateBooking">
        <test-method signature="getBookingId(org.testng.ITestContext)[pri:0, instance:com.APIAutomation7xBatchPractice.sep23rd.CreateBooking@fac80]" started-at="2024-09-24T14:09:41 IST" name="getBookingId" finished-at="2024-09-24T14:09:42 IST" duration-ms="1161" status="PASS">
          <params>
            <param index="0">
              <value>
                <![CDATA[org.testng.TestRunner@8c0a23f]]>
              </value>
            </param>
          </params>
          <reporter-output>
          </reporter-output>
        </test-method> <!-- getBookingId -->
      </class> <!-- com.APIAutomation7xBatchPractice.sep23rd.CreateBooking -->
      <class name="com.APIAutomation7xBatchPractice.sep23rd.DeleteCreatedBooking">
        <test-method signature="deleteCreateBooking(org.testng.ITestContext)[pri:0, instance:com.APIAutomation7xBatchPractice.sep23rd.DeleteCreatedBooking@14bb2297]" started-at="2024-09-24T14:09:44 IST" name="deleteCreateBooking" finished-at="2024-09-24T14:09:46 IST" duration-ms="1092" status="PASS">
          <params>
            <param index="0">
              <value>
                <![CDATA[org.testng.TestRunner@8c0a23f]]>
              </value>
            </param>
          </params>
          <reporter-output>
          </reporter-output>
        </test-method> <!-- deleteCreateBooking -->
      </class> <!-- com.APIAutomation7xBatchPractice.sep23rd.DeleteCreatedBooking -->
      <class name="com.APIAutomation7xBatchPractice.sep23rd.UpdateCreatedBooking">
        <test-method signature="updateExistingBooking(org.testng.ITestContext)[pri:0, instance:com.APIAutomation7xBatchPractice.sep23rd.UpdateCreatedBooking@649f2009]" started-at="2024-09-24T14:09:43 IST" name="updateExistingBooking" finished-at="2024-09-24T14:09:44 IST" duration-ms="1125" status="PASS">
          <params>
            <param index="0">
              <value>
                <![CDATA[org.testng.TestRunner@8c0a23f]]>
              </value>
            </param>
          </params>
          <reporter-output>
          </reporter-output>
        </test-method> <!-- updateExistingBooking -->
      </class> <!-- com.APIAutomation7xBatchPractice.sep23rd.UpdateCreatedBooking -->
    </test> <!-- QA Environment -->
  </suite> <!-- Tuesday_qa_Report -->
  <suite started-at="2024-09-24T14:09:46 IST" name="Tuesday_stag_report" finished-at="2024-09-24T14:09:54 IST" duration-ms="7912">
    <groups>
      <group name="qa">
        <method signature="CreateBooking.getBookingId(org.testng.ITestContext)[pri:0, instance:com.APIAutomation7xBatchPractice.sep23rd.CreateBooking@238b521e]" name="getBookingId" class="com.APIAutomation7xBatchPractice.sep23rd.CreateBooking"/>
        <method signature="CreateToken.getToken(org.testng.ITestContext)[pri:0, instance:com.APIAutomation7xBatchPractice.sep23rd.CreateToken@1c807b1d]" name="getToken" class="com.APIAutomation7xBatchPractice.sep23rd.CreateToken"/>
        <method signature="DeleteCreatedBooking.deleteCreateBooking(org.testng.ITestContext)[pri:0, instance:com.APIAutomation7xBatchPractice.sep23rd.DeleteCreatedBooking@588ab592]" name="deleteCreateBooking" class="com.APIAutomation7xBatchPractice.sep23rd.DeleteCreatedBooking"/>
        <method signature="GetCreatedBookingDetails.getCreatedBookingDetails(org.testng.ITestContext)[pri:0, instance:com.APIAutomation7xBatchPractice.sep23rd.GetCreatedBookingDetails@1b39fd82]" name="getCreatedBookingDetails" class="com.APIAutomation7xBatchPractice.sep23rd.GetCreatedBookingDetails"/>
        <method signature="UpdateCreatedBooking.updateExistingBooking(org.testng.ITestContext)[pri:0, instance:com.APIAutomation7xBatchPractice.sep23rd.UpdateCreatedBooking@3e2fc448]" name="updateExistingBooking" class="com.APIAutomation7xBatchPractice.sep23rd.UpdateCreatedBooking"/>
      </group> <!-- qa -->
      <group name="stag">
        <method signature="CreateBooking.getBookingId(org.testng.ITestContext)[pri:0, instance:com.APIAutomation7xBatchPractice.sep23rd.CreateBooking@238b521e]" name="getBookingId" class="com.APIAutomation7xBatchPractice.sep23rd.CreateBooking"/>
        <method signature="CreateToken.getToken(org.testng.ITestContext)[pri:0, instance:com.APIAutomation7xBatchPractice.sep23rd.CreateToken@1c807b1d]" name="getToken" class="com.APIAutomation7xBatchPractice.sep23rd.CreateToken"/>
        <method signature="DeleteCreatedBooking.deleteCreateBooking(org.testng.ITestContext)[pri:0, instance:com.APIAutomation7xBatchPractice.sep23rd.DeleteCreatedBooking@588ab592]" name="deleteCreateBooking" class="com.APIAutomation7xBatchPractice.sep23rd.DeleteCreatedBooking"/>
        <method signature="GetCreatedBookingDetails.getCreatedBookingDetails(org.testng.ITestContext)[pri:0, instance:com.APIAutomation7xBatchPractice.sep23rd.GetCreatedBookingDetails@1b39fd82]" name="getCreatedBookingDetails" class="com.APIAutomation7xBatchPractice.sep23rd.GetCreatedBookingDetails"/>
        <method signature="GetDeletedBookingDetails.getDeletedBookingDetails(org.testng.ITestContext)[pri:0, instance:com.APIAutomation7xBatchPractice.sep23rd.GetDeletedBookingDetails@c8b96ec]" name="getDeletedBookingDetails" class="com.APIAutomation7xBatchPractice.sep23rd.GetDeletedBookingDetails"/>
        <method signature="GetUpdatedBookingDetails.getUpdatedBookingDetails(org.testng.ITestContext)[pri:0, instance:com.APIAutomation7xBatchPractice.sep23rd.GetUpdatedBookingDetails@21680803]" name="getUpdatedBookingDetails" class="com.APIAutomation7xBatchPractice.sep23rd.GetUpdatedBookingDetails"/>
        <method signature="UpdateCreatedBooking.updateExistingBooking(org.testng.ITestContext)[pri:0, instance:com.APIAutomation7xBatchPractice.sep23rd.UpdateCreatedBooking@3e2fc448]" name="updateExistingBooking" class="com.APIAutomation7xBatchPractice.sep23rd.UpdateCreatedBooking"/>
      </group> <!-- stag -->
      <group name="preprod">
        <method signature="CreateBooking.getBookingId(org.testng.ITestContext)[pri:0, instance:com.APIAutomation7xBatchPractice.sep23rd.CreateBooking@238b521e]" name="getBookingId" class="com.APIAutomation7xBatchPractice.sep23rd.CreateBooking"/>
        <method signature="CreateToken.getToken(org.testng.ITestContext)[pri:0, instance:com.APIAutomation7xBatchPractice.sep23rd.CreateToken@1c807b1d]" name="getToken" class="com.APIAutomation7xBatchPractice.sep23rd.CreateToken"/>
        <method signature="DeleteCreatedBooking.deleteCreateBooking(org.testng.ITestContext)[pri:0, instance:com.APIAutomation7xBatchPractice.sep23rd.DeleteCreatedBooking@588ab592]" name="deleteCreateBooking" class="com.APIAutomation7xBatchPractice.sep23rd.DeleteCreatedBooking"/>
        <method signature="GetCreatedBookingDetails.getCreatedBookingDetails(org.testng.ITestContext)[pri:0, instance:com.APIAutomation7xBatchPractice.sep23rd.GetCreatedBookingDetails@1b39fd82]" name="getCreatedBookingDetails" class="com.APIAutomation7xBatchPractice.sep23rd.GetCreatedBookingDetails"/>
        <method signature="GetDeletedBookingDetails.getDeletedBookingDetails(org.testng.ITestContext)[pri:0, instance:com.APIAutomation7xBatchPractice.sep23rd.GetDeletedBookingDetails@c8b96ec]" name="getDeletedBookingDetails" class="com.APIAutomation7xBatchPractice.sep23rd.GetDeletedBookingDetails"/>
        <method signature="GetUpdatedBookingDetails.getUpdatedBookingDetails(org.testng.ITestContext)[pri:0, instance:com.APIAutomation7xBatchPractice.sep23rd.GetUpdatedBookingDetails@21680803]" name="getUpdatedBookingDetails" class="com.APIAutomation7xBatchPractice.sep23rd.GetUpdatedBookingDetails"/>
        <method signature="UpdateCreatedBooking.updateExistingBooking(org.testng.ITestContext)[pri:0, instance:com.APIAutomation7xBatchPractice.sep23rd.UpdateCreatedBooking@3e2fc448]" name="updateExistingBooking" class="com.APIAutomation7xBatchPractice.sep23rd.UpdateCreatedBooking"/>
      </group> <!-- preprod -->
    </groups>
    <test started-at="2024-09-24T14:09:46 IST" name="Stag Environment" finished-at="2024-09-24T14:09:54 IST" duration-ms="7912">
      <class name="com.APIAutomation7xBatchPractice.sep23rd.CreateToken">
        <test-method signature="getToken(org.testng.ITestContext)[pri:0, instance:com.APIAutomation7xBatchPractice.sep23rd.CreateToken@1c807b1d]" started-at="2024-09-24T14:09:46 IST" name="getToken" finished-at="2024-09-24T14:09:47 IST" duration-ms="1131" status="PASS">
          <params>
            <param index="0">
              <value>
                <![CDATA[org.testng.TestRunner@48f2054d]]>
              </value>
            </param>
          </params>
          <reporter-output>
          </reporter-output>
        </test-method> <!-- getToken -->
      </class> <!-- com.APIAutomation7xBatchPractice.sep23rd.CreateToken -->
      <class name="com.APIAutomation7xBatchPractice.sep23rd.GetDeletedBookingDetails">
        <test-method signature="getDeletedBookingDetails(org.testng.ITestContext)[pri:0, instance:com.APIAutomation7xBatchPractice.sep23rd.GetDeletedBookingDetails@c8b96ec]" started-at="2024-09-24T14:09:52 IST" name="getDeletedBookingDetails" finished-at="2024-09-24T14:09:54 IST" duration-ms="1119" status="PASS">
          <params>
            <param index="0">
              <value>
                <![CDATA[org.testng.TestRunner@48f2054d]]>
              </value>
            </param>
          </params>
          <reporter-output>
          </reporter-output>
        </test-method> <!-- getDeletedBookingDetails -->
      </class> <!-- com.APIAutomation7xBatchPractice.sep23rd.GetDeletedBookingDetails -->
      <class name="com.APIAutomation7xBatchPractice.sep23rd.GetCreatedBookingDetails">
        <test-method signature="getCreatedBookingDetails(org.testng.ITestContext)[pri:0, instance:com.APIAutomation7xBatchPractice.sep23rd.GetCreatedBookingDetails@1b39fd82]" started-at="2024-09-24T14:09:48 IST" name="getCreatedBookingDetails" finished-at="2024-09-24T14:09:49 IST" duration-ms="1127" status="PASS">
          <params>
            <param index="0">
              <value>
                <![CDATA[org.testng.TestRunner@48f2054d]]>
              </value>
            </param>
          </params>
          <reporter-output>
          </reporter-output>
        </test-method> <!-- getCreatedBookingDetails -->
      </class> <!-- com.APIAutomation7xBatchPractice.sep23rd.GetCreatedBookingDetails -->
      <class name="com.APIAutomation7xBatchPractice.sep23rd.CreateBooking">
        <test-method signature="getBookingId(org.testng.ITestContext)[pri:0, instance:com.APIAutomation7xBatchPractice.sep23rd.CreateBooking@238b521e]" started-at="2024-09-24T14:09:47 IST" name="getBookingId" finished-at="2024-09-24T14:09:48 IST" duration-ms="1156" status="PASS">
          <params>
            <param index="0">
              <value>
                <![CDATA[org.testng.TestRunner@48f2054d]]>
              </value>
            </param>
          </params>
          <reporter-output>
          </reporter-output>
        </test-method> <!-- getBookingId -->
      </class> <!-- com.APIAutomation7xBatchPractice.sep23rd.CreateBooking -->
      <class name="com.APIAutomation7xBatchPractice.sep23rd.DeleteCreatedBooking">
        <test-method signature="deleteCreateBooking(org.testng.ITestContext)[pri:0, instance:com.APIAutomation7xBatchPractice.sep23rd.DeleteCreatedBooking@588ab592]" started-at="2024-09-24T14:09:51 IST" name="deleteCreateBooking" finished-at="2024-09-24T14:09:52 IST" duration-ms="1080" status="PASS">
          <params>
            <param index="0">
              <value>
                <![CDATA[org.testng.TestRunner@48f2054d]]>
              </value>
            </param>
          </params>
          <reporter-output>
          </reporter-output>
        </test-method> <!-- deleteCreateBooking -->
      </class> <!-- com.APIAutomation7xBatchPractice.sep23rd.DeleteCreatedBooking -->
      <class name="com.APIAutomation7xBatchPractice.sep23rd.UpdateCreatedBooking">
        <test-method signature="updateExistingBooking(org.testng.ITestContext)[pri:0, instance:com.APIAutomation7xBatchPractice.sep23rd.UpdateCreatedBooking@3e2fc448]" started-at="2024-09-24T14:09:49 IST" name="updateExistingBooking" finished-at="2024-09-24T14:09:50 IST" duration-ms="1176" status="PASS">
          <params>
            <param index="0">
              <value>
                <![CDATA[org.testng.TestRunner@48f2054d]]>
              </value>
            </param>
          </params>
          <reporter-output>
          </reporter-output>
        </test-method> <!-- updateExistingBooking -->
      </class> <!-- com.APIAutomation7xBatchPractice.sep23rd.UpdateCreatedBooking -->
      <class name="com.APIAutomation7xBatchPractice.sep23rd.GetUpdatedBookingDetails">
        <test-method signature="getUpdatedBookingDetails(org.testng.ITestContext)[pri:0, instance:com.APIAutomation7xBatchPractice.sep23rd.GetUpdatedBookingDetails@21680803]" started-at="2024-09-24T14:09:50 IST" name="getUpdatedBookingDetails" finished-at="2024-09-24T14:09:51 IST" duration-ms="1103" status="PASS">
          <params>
            <param index="0">
              <value>
                <![CDATA[org.testng.TestRunner@48f2054d]]>
              </value>
            </param>
          </params>
          <reporter-output>
          </reporter-output>
        </test-method> <!-- getUpdatedBookingDetails -->
      </class> <!-- com.APIAutomation7xBatchPractice.sep23rd.GetUpdatedBookingDetails -->
    </test> <!-- Stag Environment -->
  </suite> <!-- Tuesday_stag_report -->
  <suite started-at="2024-09-24T14:09:54 IST" name="Tuesday_preprod_Report" finished-at="2024-09-24T14:10:01 IST" duration-ms="7797">
    <groups>
      <group name="qa">
        <method signature="CreateBooking.getBookingId(org.testng.ITestContext)[pri:0, instance:com.APIAutomation7xBatchPractice.sep23rd.CreateBooking@2024293c]" name="getBookingId" class="com.APIAutomation7xBatchPractice.sep23rd.CreateBooking"/>
        <method signature="CreateToken.getToken(org.testng.ITestContext)[pri:0, instance:com.APIAutomation7xBatchPractice.sep23rd.CreateToken@2d8f2f3a]" name="getToken" class="com.APIAutomation7xBatchPractice.sep23rd.CreateToken"/>
        <method signature="DeleteCreatedBooking.deleteCreateBooking(org.testng.ITestContext)[pri:0, instance:com.APIAutomation7xBatchPractice.sep23rd.DeleteCreatedBooking@5949eba8]" name="deleteCreateBooking" class="com.APIAutomation7xBatchPractice.sep23rd.DeleteCreatedBooking"/>
        <method signature="GetCreatedBookingDetails.getCreatedBookingDetails(org.testng.ITestContext)[pri:0, instance:com.APIAutomation7xBatchPractice.sep23rd.GetCreatedBookingDetails@7048f722]" name="getCreatedBookingDetails" class="com.APIAutomation7xBatchPractice.sep23rd.GetCreatedBookingDetails"/>
        <method signature="UpdateCreatedBooking.updateExistingBooking(org.testng.ITestContext)[pri:0, instance:com.APIAutomation7xBatchPractice.sep23rd.UpdateCreatedBooking@c074c0c]" name="updateExistingBooking" class="com.APIAutomation7xBatchPractice.sep23rd.UpdateCreatedBooking"/>
      </group> <!-- qa -->
      <group name="stag">
        <method signature="CreateBooking.getBookingId(org.testng.ITestContext)[pri:0, instance:com.APIAutomation7xBatchPractice.sep23rd.CreateBooking@2024293c]" name="getBookingId" class="com.APIAutomation7xBatchPractice.sep23rd.CreateBooking"/>
        <method signature="CreateToken.getToken(org.testng.ITestContext)[pri:0, instance:com.APIAutomation7xBatchPractice.sep23rd.CreateToken@2d8f2f3a]" name="getToken" class="com.APIAutomation7xBatchPractice.sep23rd.CreateToken"/>
        <method signature="DeleteCreatedBooking.deleteCreateBooking(org.testng.ITestContext)[pri:0, instance:com.APIAutomation7xBatchPractice.sep23rd.DeleteCreatedBooking@5949eba8]" name="deleteCreateBooking" class="com.APIAutomation7xBatchPractice.sep23rd.DeleteCreatedBooking"/>
        <method signature="GetCreatedBookingDetails.getCreatedBookingDetails(org.testng.ITestContext)[pri:0, instance:com.APIAutomation7xBatchPractice.sep23rd.GetCreatedBookingDetails@7048f722]" name="getCreatedBookingDetails" class="com.APIAutomation7xBatchPractice.sep23rd.GetCreatedBookingDetails"/>
        <method signature="GetDeletedBookingDetails.getDeletedBookingDetails(org.testng.ITestContext)[pri:0, instance:com.APIAutomation7xBatchPractice.sep23rd.GetDeletedBookingDetails@6e0ff644]" name="getDeletedBookingDetails" class="com.APIAutomation7xBatchPractice.sep23rd.GetDeletedBookingDetails"/>
        <method signature="GetUpdatedBookingDetails.getUpdatedBookingDetails(org.testng.ITestContext)[pri:0, instance:com.APIAutomation7xBatchPractice.sep23rd.GetUpdatedBookingDetails@58a55449]" name="getUpdatedBookingDetails" class="com.APIAutomation7xBatchPractice.sep23rd.GetUpdatedBookingDetails"/>
        <method signature="UpdateCreatedBooking.updateExistingBooking(org.testng.ITestContext)[pri:0, instance:com.APIAutomation7xBatchPractice.sep23rd.UpdateCreatedBooking@c074c0c]" name="updateExistingBooking" class="com.APIAutomation7xBatchPractice.sep23rd.UpdateCreatedBooking"/>
      </group> <!-- stag -->
      <group name="preprod">
        <method signature="CreateBooking.getBookingId(org.testng.ITestContext)[pri:0, instance:com.APIAutomation7xBatchPractice.sep23rd.CreateBooking@2024293c]" name="getBookingId" class="com.APIAutomation7xBatchPractice.sep23rd.CreateBooking"/>
        <method signature="CreateToken.getToken(org.testng.ITestContext)[pri:0, instance:com.APIAutomation7xBatchPractice.sep23rd.CreateToken@2d8f2f3a]" name="getToken" class="com.APIAutomation7xBatchPractice.sep23rd.CreateToken"/>
        <method signature="DeleteCreatedBooking.deleteCreateBooking(org.testng.ITestContext)[pri:0, instance:com.APIAutomation7xBatchPractice.sep23rd.DeleteCreatedBooking@5949eba8]" name="deleteCreateBooking" class="com.APIAutomation7xBatchPractice.sep23rd.DeleteCreatedBooking"/>
        <method signature="GetCreatedBookingDetails.getCreatedBookingDetails(org.testng.ITestContext)[pri:0, instance:com.APIAutomation7xBatchPractice.sep23rd.GetCreatedBookingDetails@7048f722]" name="getCreatedBookingDetails" class="com.APIAutomation7xBatchPractice.sep23rd.GetCreatedBookingDetails"/>
        <method signature="GetDeletedBookingDetails.getDeletedBookingDetails(org.testng.ITestContext)[pri:0, instance:com.APIAutomation7xBatchPractice.sep23rd.GetDeletedBookingDetails@6e0ff644]" name="getDeletedBookingDetails" class="com.APIAutomation7xBatchPractice.sep23rd.GetDeletedBookingDetails"/>
        <method signature="GetUpdatedBookingDetails.getUpdatedBookingDetails(org.testng.ITestContext)[pri:0, instance:com.APIAutomation7xBatchPractice.sep23rd.GetUpdatedBookingDetails@58a55449]" name="getUpdatedBookingDetails" class="com.APIAutomation7xBatchPractice.sep23rd.GetUpdatedBookingDetails"/>
        <method signature="UpdateCreatedBooking.updateExistingBooking(org.testng.ITestContext)[pri:0, instance:com.APIAutomation7xBatchPractice.sep23rd.UpdateCreatedBooking@c074c0c]" name="updateExistingBooking" class="com.APIAutomation7xBatchPractice.sep23rd.UpdateCreatedBooking"/>
      </group> <!-- preprod -->
    </groups>
    <test started-at="2024-09-24T14:09:54 IST" name="PreProd Environment" finished-at="2024-09-24T14:10:01 IST" duration-ms="7797">
      <class name="com.APIAutomation7xBatchPractice.sep23rd.CreateToken">
        <test-method signature="getToken(org.testng.ITestContext)[pri:0, instance:com.APIAutomation7xBatchPractice.sep23rd.CreateToken@2d8f2f3a]" started-at="2024-09-24T14:09:54 IST" name="getToken" finished-at="2024-09-24T14:09:55 IST" duration-ms="1101" status="PASS">
          <params>
            <param index="0">
              <value>
                <![CDATA[org.testng.TestRunner@5170bc02]]>
              </value>
            </param>
          </params>
          <reporter-output>
          </reporter-output>
        </test-method> <!-- getToken -->
      </class> <!-- com.APIAutomation7xBatchPractice.sep23rd.CreateToken -->
      <class name="com.APIAutomation7xBatchPractice.sep23rd.GetDeletedBookingDetails">
        <test-method signature="getDeletedBookingDetails(org.testng.ITestContext)[pri:0, instance:com.APIAutomation7xBatchPractice.sep23rd.GetDeletedBookingDetails@6e0ff644]" started-at="2024-09-24T14:10:00 IST" name="getDeletedBookingDetails" finished-at="2024-09-24T14:10:01 IST" duration-ms="1113" status="PASS">
          <params>
            <param index="0">
              <value>
                <![CDATA[org.testng.TestRunner@5170bc02]]>
              </value>
            </param>
          </params>
          <reporter-output>
          </reporter-output>
        </test-method> <!-- getDeletedBookingDetails -->
      </class> <!-- com.APIAutomation7xBatchPractice.sep23rd.GetDeletedBookingDetails -->
      <class name="com.APIAutomation7xBatchPractice.sep23rd.GetCreatedBookingDetails">
        <test-method signature="getCreatedBookingDetails(org.testng.ITestContext)[pri:0, instance:com.APIAutomation7xBatchPractice.sep23rd.GetCreatedBookingDetails@7048f722]" started-at="2024-09-24T14:09:56 IST" name="getCreatedBookingDetails" finished-at="2024-09-24T14:09:57 IST" duration-ms="1100" status="PASS">
          <params>
            <param index="0">
              <value>
                <![CDATA[org.testng.TestRunner@5170bc02]]>
              </value>
            </param>
          </params>
          <reporter-output>
          </reporter-output>
        </test-method> <!-- getCreatedBookingDetails -->
      </class> <!-- com.APIAutomation7xBatchPractice.sep23rd.GetCreatedBookingDetails -->
      <class name="com.APIAutomation7xBatchPractice.sep23rd.CreateBooking">
        <test-method signature="getBookingId(org.testng.ITestContext)[pri:0, instance:com.APIAutomation7xBatchPractice.sep23rd.CreateBooking@2024293c]" started-at="2024-09-24T14:09:55 IST" name="getBookingId" finished-at="2024-09-24T14:09:56 IST" duration-ms="1134" status="PASS">
          <params>
            <param index="0">
              <value>
                <![CDATA[org.testng.TestRunner@5170bc02]]>
              </value>
            </param>
          </params>
          <reporter-output>
          </reporter-output>
        </test-method> <!-- getBookingId -->
      </class> <!-- com.APIAutomation7xBatchPractice.sep23rd.CreateBooking -->
      <class name="com.APIAutomation7xBatchPractice.sep23rd.DeleteCreatedBooking">
        <test-method signature="deleteCreateBooking(org.testng.ITestContext)[pri:0, instance:com.APIAutomation7xBatchPractice.sep23rd.DeleteCreatedBooking@5949eba8]" started-at="2024-09-24T14:09:59 IST" name="deleteCreateBooking" finished-at="2024-09-24T14:10:00 IST" duration-ms="1091" status="PASS">
          <params>
            <param index="0">
              <value>
                <![CDATA[org.testng.TestRunner@5170bc02]]>
              </value>
            </param>
          </params>
          <reporter-output>
          </reporter-output>
        </test-method> <!-- deleteCreateBooking -->
      </class> <!-- com.APIAutomation7xBatchPractice.sep23rd.DeleteCreatedBooking -->
      <class name="com.APIAutomation7xBatchPractice.sep23rd.UpdateCreatedBooking">
        <test-method signature="updateExistingBooking(org.testng.ITestContext)[pri:0, instance:com.APIAutomation7xBatchPractice.sep23rd.UpdateCreatedBooking@c074c0c]" started-at="2024-09-24T14:09:57 IST" name="updateExistingBooking" finished-at="2024-09-24T14:09:58 IST" duration-ms="1138" status="PASS">
          <params>
            <param index="0">
              <value>
                <![CDATA[org.testng.TestRunner@5170bc02]]>
              </value>
            </param>
          </params>
          <reporter-output>
          </reporter-output>
        </test-method> <!-- updateExistingBooking -->
      </class> <!-- com.APIAutomation7xBatchPractice.sep23rd.UpdateCreatedBooking -->
      <class name="com.APIAutomation7xBatchPractice.sep23rd.GetUpdatedBookingDetails">
        <test-method signature="getUpdatedBookingDetails(org.testng.ITestContext)[pri:0, instance:com.APIAutomation7xBatchPractice.sep23rd.GetUpdatedBookingDetails@58a55449]" started-at="2024-09-24T14:09:58 IST" name="getUpdatedBookingDetails" finished-at="2024-09-24T14:09:59 IST" duration-ms="1105" status="PASS">
          <params>
            <param index="0">
              <value>
                <![CDATA[org.testng.TestRunner@5170bc02]]>
              </value>
            </param>
          </params>
          <reporter-output>
          </reporter-output>
        </test-method> <!-- getUpdatedBookingDetails -->
      </class> <!-- com.APIAutomation7xBatchPractice.sep23rd.GetUpdatedBookingDetails -->
    </test> <!-- PreProd Environment -->
  </suite> <!-- Tuesday_preprod_Report -->
</testng-results>
