<?xml version="1.0" encoding="UTF-8"?>
<testng-results ignored="0" total="19" passed="8" failed="11" skipped="0">
  <reporter-output>
  </reporter-output>
  <suite started-at="2024-09-25T20:55:41 IST" name="Tuesday_qa_Report" finished-at="2024-09-25T20:55:53 IST" duration-ms="11937">
    <groups>
      <group name="qa">
        <method signature="CreateBooking.getBookingId(org.testng.ITestContext,java.lang.String)[pri:0, instance:com.APIAutomation7xBatchPractice.sep23rd.CreateBooking@70e29e14]" name="getBookingId" class="com.APIAutomation7xBatchPractice.sep23rd.CreateBooking"/>
        <method signature="CreateToken.getToken(org.testng.ITestContext)[pri:0, instance:com.APIAutomation7xBatchPractice.sep23rd.CreateToken@2555fff0]" name="getToken" class="com.APIAutomation7xBatchPractice.sep23rd.CreateToken"/>
        <method signature="DeleteCreatedBooking.deleteCreateBooking(org.testng.ITestContext)[pri:0, instance:com.APIAutomation7xBatchPractice.sep23rd.DeleteCreatedBooking@40bffbca]" name="deleteCreateBooking" class="com.APIAutomation7xBatchPractice.sep23rd.DeleteCreatedBooking"/>
        <method signature="GetCreatedBookingDetails.getCreatedBookingDetails(org.testng.ITestContext)[pri:0, instance:com.APIAutomation7xBatchPractice.sep23rd.GetCreatedBookingDetails@3b1bb3ab]" name="getCreatedBookingDetails" class="com.APIAutomation7xBatchPractice.sep23rd.GetCreatedBookingDetails"/>
        <method signature="UpdateCreatedBooking.updateExistingBooking(org.testng.ITestContext)[pri:0, instance:com.APIAutomation7xBatchPractice.sep23rd.UpdateCreatedBooking@5a4bef8]" name="updateExistingBooking" class="com.APIAutomation7xBatchPractice.sep23rd.UpdateCreatedBooking"/>
      </group> <!-- qa -->
      <group name="stag">
        <method signature="CreateBooking.getBookingId(org.testng.ITestContext,java.lang.String)[pri:0, instance:com.APIAutomation7xBatchPractice.sep23rd.CreateBooking@70e29e14]" name="getBookingId" class="com.APIAutomation7xBatchPractice.sep23rd.CreateBooking"/>
        <method signature="CreateToken.getToken(org.testng.ITestContext)[pri:0, instance:com.APIAutomation7xBatchPractice.sep23rd.CreateToken@2555fff0]" name="getToken" class="com.APIAutomation7xBatchPractice.sep23rd.CreateToken"/>
        <method signature="DeleteCreatedBooking.deleteCreateBooking(org.testng.ITestContext)[pri:0, instance:com.APIAutomation7xBatchPractice.sep23rd.DeleteCreatedBooking@40bffbca]" name="deleteCreateBooking" class="com.APIAutomation7xBatchPractice.sep23rd.DeleteCreatedBooking"/>
        <method signature="GetCreatedBookingDetails.getCreatedBookingDetails(org.testng.ITestContext)[pri:0, instance:com.APIAutomation7xBatchPractice.sep23rd.GetCreatedBookingDetails@3b1bb3ab]" name="getCreatedBookingDetails" class="com.APIAutomation7xBatchPractice.sep23rd.GetCreatedBookingDetails"/>
        <method signature="UpdateCreatedBooking.updateExistingBooking(org.testng.ITestContext)[pri:0, instance:com.APIAutomation7xBatchPractice.sep23rd.UpdateCreatedBooking@5a4bef8]" name="updateExistingBooking" class="com.APIAutomation7xBatchPractice.sep23rd.UpdateCreatedBooking"/>
      </group> <!-- stag -->
      <group name="preprod">
        <method signature="CreateBooking.getBookingId(org.testng.ITestContext,java.lang.String)[pri:0, instance:com.APIAutomation7xBatchPractice.sep23rd.CreateBooking@70e29e14]" name="getBookingId" class="com.APIAutomation7xBatchPractice.sep23rd.CreateBooking"/>
        <method signature="CreateToken.getToken(org.testng.ITestContext)[pri:0, instance:com.APIAutomation7xBatchPractice.sep23rd.CreateToken@2555fff0]" name="getToken" class="com.APIAutomation7xBatchPractice.sep23rd.CreateToken"/>
        <method signature="DeleteCreatedBooking.deleteCreateBooking(org.testng.ITestContext)[pri:0, instance:com.APIAutomation7xBatchPractice.sep23rd.DeleteCreatedBooking@40bffbca]" name="deleteCreateBooking" class="com.APIAutomation7xBatchPractice.sep23rd.DeleteCreatedBooking"/>
        <method signature="GetCreatedBookingDetails.getCreatedBookingDetails(org.testng.ITestContext)[pri:0, instance:com.APIAutomation7xBatchPractice.sep23rd.GetCreatedBookingDetails@3b1bb3ab]" name="getCreatedBookingDetails" class="com.APIAutomation7xBatchPractice.sep23rd.GetCreatedBookingDetails"/>
        <method signature="UpdateCreatedBooking.updateExistingBooking(org.testng.ITestContext)[pri:0, instance:com.APIAutomation7xBatchPractice.sep23rd.UpdateCreatedBooking@5a4bef8]" name="updateExistingBooking" class="com.APIAutomation7xBatchPractice.sep23rd.UpdateCreatedBooking"/>
      </group> <!-- preprod -->
    </groups>
    <test started-at="2024-09-25T20:55:41 IST" name="QA Environment" finished-at="2024-09-25T20:55:53 IST" duration-ms="11937">
      <class name="com.APIAutomation7xBatchPractice.sep23rd.CreateToken">
        <test-method signature="getToken(org.testng.ITestContext)[pri:0, instance:com.APIAutomation7xBatchPractice.sep23rd.CreateToken@2555fff0]" started-at="2024-09-25T20:55:41 IST" name="getToken" finished-at="2024-09-25T20:55:47 IST" duration-ms="5810" status="FAIL">
          <params>
            <param index="0">
              <value>
                <![CDATA[org.testng.TestRunner@582e9152]]>
              </value>
            </param>
          </params>
          <exception class="java.lang.AssertionError">
            <message>
              <![CDATA[
Expecting actual:
  3035L
to be between:
  [1000L, 3000L]
]]>
            </message>
            <full-stacktrace>
              <![CDATA[java.lang.AssertionError: 
Expecting actual:
  3035L
to be between:
  [1000L, 3000L]

at com.APIAutomation7xBatchPractice.sep23rd.CreateToken.getToken(CreateToken.java:46)
at java.base/jdk.internal.reflect.DirectMethodHandleAccessor.invoke(DirectMethodHandleAccessor.java:103)
at java.base/java.lang.reflect.Method.invoke(Method.java:580)
at org.testng.internal.invokers.MethodInvocationHelper.invokeMethod(MethodInvocationHelper.java:141)
at org.testng.internal.invokers.TestInvoker.invokeMethod(TestInvoker.java:686)
at org.testng.internal.invokers.TestInvoker.invokeTestMethod(TestInvoker.java:230)
at org.testng.internal.invokers.MethodRunner.runInSequence(MethodRunner.java:63)
at org.testng.internal.invokers.TestInvoker$MethodInvocationAgent.invoke(TestInvoker.java:992)
at org.testng.internal.invokers.TestInvoker.invokeTestMethods(TestInvoker.java:203)
at org.testng.internal.invokers.TestMethodWorker.invokeTestMethods(TestMethodWorker.java:154)
at org.testng.internal.invokers.TestMethodWorker.run(TestMethodWorker.java:134)
at java.base/java.util.ArrayList.forEach(ArrayList.java:1597)
at org.testng.TestRunner.privateRun(TestRunner.java:739)
at org.testng.TestRunner.run(TestRunner.java:614)
at org.testng.SuiteRunner.runTest(SuiteRunner.java:421)
at org.testng.SuiteRunner.runSequentially(SuiteRunner.java:413)
at org.testng.SuiteRunner.privateRun(SuiteRunner.java:373)
at org.testng.SuiteRunner.run(SuiteRunner.java:312)
at org.testng.SuiteRunnerWorker.runSuite(SuiteRunnerWorker.java:52)
at org.testng.SuiteRunnerWorker.run(SuiteRunnerWorker.java:95)
at org.testng.TestNG.runSuitesSequentially(TestNG.java:1274)
at org.testng.TestNG.runSuitesLocally(TestNG.java:1208)
at org.testng.TestNG.runSuites(TestNG.java:1112)
at org.testng.TestNG.run(TestNG.java:1079)
at com.APIAutomation7xBatchPractice.sep23rd.RunXmlFiles.main(RunXmlFiles.java:19)
]]>
            </full-stacktrace>
          </exception> <!-- java.lang.AssertionError -->
          <reporter-output>
          </reporter-output>
        </test-method> <!-- getToken -->
      </class> <!-- com.APIAutomation7xBatchPractice.sep23rd.CreateToken -->
      <class name="com.APIAutomation7xBatchPractice.sep23rd.GetCreatedBookingDetails">
        <test-method signature="getCreatedBookingDetails(org.testng.ITestContext)[pri:0, instance:com.APIAutomation7xBatchPractice.sep23rd.GetCreatedBookingDetails@3b1bb3ab]" started-at="2024-09-25T20:55:49 IST" name="getCreatedBookingDetails" finished-at="2024-09-25T20:55:50 IST" duration-ms="1487" status="PASS">
          <params>
            <param index="0">
              <value>
                <![CDATA[org.testng.TestRunner@582e9152]]>
              </value>
            </param>
          </params>
          <reporter-output>
          </reporter-output>
        </test-method> <!-- getCreatedBookingDetails -->
      </class> <!-- com.APIAutomation7xBatchPractice.sep23rd.GetCreatedBookingDetails -->
      <class name="com.APIAutomation7xBatchPractice.sep23rd.CreateBooking">
        <test-method signature="getBookingId(org.testng.ITestContext,java.lang.String)[pri:0, instance:com.APIAutomation7xBatchPractice.sep23rd.CreateBooking@70e29e14]" started-at="2024-09-25T20:55:47 IST" name="getBookingId" finished-at="2024-09-25T20:55:49 IST" duration-ms="1538" status="PASS">
          <params>
            <param index="0">
              <value>
                <![CDATA[org.testng.TestRunner@582e9152]]>
              </value>
            </param>
            <param index="1">
              <value>
                <![CDATA[https://restful-booker.herokuapp.com]]>
              </value>
            </param>
          </params>
          <reporter-output>
          </reporter-output>
        </test-method> <!-- getBookingId -->
      </class> <!-- com.APIAutomation7xBatchPractice.sep23rd.CreateBooking -->
      <class name="com.APIAutomation7xBatchPractice.sep23rd.DeleteCreatedBooking">
        <test-method signature="deleteCreateBooking(org.testng.ITestContext)[pri:0, instance:com.APIAutomation7xBatchPractice.sep23rd.DeleteCreatedBooking@40bffbca]" started-at="2024-09-25T20:55:52 IST" name="deleteCreateBooking" finished-at="2024-09-25T20:55:53 IST" duration-ms="1345" status="PASS">
          <params>
            <param index="0">
              <value>
                <![CDATA[org.testng.TestRunner@582e9152]]>
              </value>
            </param>
          </params>
          <reporter-output>
          </reporter-output>
        </test-method> <!-- deleteCreateBooking -->
      </class> <!-- com.APIAutomation7xBatchPractice.sep23rd.DeleteCreatedBooking -->
      <class name="com.APIAutomation7xBatchPractice.sep23rd.UpdateCreatedBooking">
        <test-method signature="updateExistingBooking(org.testng.ITestContext)[pri:0, instance:com.APIAutomation7xBatchPractice.sep23rd.UpdateCreatedBooking@5a4bef8]" started-at="2024-09-25T20:55:50 IST" name="updateExistingBooking" finished-at="2024-09-25T20:55:52 IST" duration-ms="1443" status="FAIL">
          <params>
            <param index="0">
              <value>
                <![CDATA[org.testng.TestRunner@582e9152]]>
              </value>
            </param>
          </params>
          <exception class="io.restassured.path.json.exception.JsonPathException">
            <message>
              <![CDATA[Failed to parse the JSON document]]>
            </message>
            <full-stacktrace>
              <![CDATA[io.restassured.path.json.exception.JsonPathException: Failed to parse the JSON document
at io.restassured.path.json.JsonPath$ExceptionCatcher.invoke(JsonPath.java:1002)
at io.restassured.path.json.JsonPath$4.doParseWith(JsonPath.java:967)
at io.restassured.path.json.JsonPath$JsonParser.parseWith(JsonPath.java:1047)
at io.restassured.path.json.JsonPath.get(JsonPath.java:202)
at io.restassured.path.json.JsonPath.getString(JsonPath.java:352)
at com.APIAutomation7xBatchPractice.sep23rd.UpdateCreatedBooking.updateExistingBooking(UpdateCreatedBooking.java:50)
at java.base/jdk.internal.reflect.DirectMethodHandleAccessor.invoke(DirectMethodHandleAccessor.java:103)
at java.base/java.lang.reflect.Method.invoke(Method.java:580)
at org.testng.internal.invokers.MethodInvocationHelper.invokeMethod(MethodInvocationHelper.java:141)
at org.testng.internal.invokers.TestInvoker.invokeMethod(TestInvoker.java:686)
at org.testng.internal.invokers.TestInvoker.invokeTestMethod(TestInvoker.java:230)
at org.testng.internal.invokers.MethodRunner.runInSequence(MethodRunner.java:63)
at org.testng.internal.invokers.TestInvoker$MethodInvocationAgent.invoke(TestInvoker.java:992)
at org.testng.internal.invokers.TestInvoker.invokeTestMethods(TestInvoker.java:203)
at org.testng.internal.invokers.TestMethodWorker.invokeTestMethods(TestMethodWorker.java:154)
at org.testng.internal.invokers.TestMethodWorker.run(TestMethodWorker.java:134)
at java.base/java.util.ArrayList.forEach(ArrayList.java:1597)
at org.testng.TestRunner.privateRun(TestRunner.java:739)
at org.testng.TestRunner.run(TestRunner.java:614)
at org.testng.SuiteRunner.runTest(SuiteRunner.java:421)
at org.testng.SuiteRunner.runSequentially(SuiteRunner.java:413)
at org.testng.SuiteRunner.privateRun(SuiteRunner.java:373)
at org.testng.SuiteRunner.run(SuiteRunner.java:312)
at org.testng.SuiteRunnerWorker.runSuite(SuiteRunnerWorker.java:52)
at org.testng.SuiteRunnerWorker.run(SuiteRunnerWorker.java:95)
at org.testng.TestNG.runSuitesSequentially(TestNG.java:1274)
at org.testng.TestNG.runSuitesLocally(TestNG.java:1208)
at org.testng.TestNG.runSuites(TestNG.java:1112)
at org.testng.TestNG.run(TestNG.java:1079)
at com.APIAutomation7xBatchPractice.sep23rd.RunXmlFiles.main(RunXmlFiles.java:19)
Caused by: groovy.json.JsonException: Lexing failed on line: 1, column: 1, while reading 'F', no possible valid JSON value or punctuation could be recognized.
at groovy.json.JsonLexer.nextToken(JsonLexer.java:86)
at groovy.json.JsonLexer$nextToken.call(Unknown Source)
at io.restassured.internal.path.json.ConfigurableJsonSlurper.parse(ConfigurableJsonSlurper.groovy:97)
at io.restassured.internal.path.json.ConfigurableJsonSlurper$parse.callCurrent(Unknown Source)
at io.restassured.internal.path.json.ConfigurableJsonSlurper.parseText(ConfigurableJsonSlurper.groovy:83)
at io.restassured.path.json.JsonPath$4$1.method(JsonPath.java:965)
at io.restassured.path.json.JsonPath$ExceptionCatcher.invoke(JsonPath.java:1000)
... 29 more
]]>
            </full-stacktrace>
          </exception> <!-- io.restassured.path.json.exception.JsonPathException -->
          <reporter-output>
          </reporter-output>
        </test-method> <!-- updateExistingBooking -->
      </class> <!-- com.APIAutomation7xBatchPractice.sep23rd.UpdateCreatedBooking -->
    </test> <!-- QA Environment -->
  </suite> <!-- Tuesday_qa_Report -->
  <suite started-at="2024-09-25T20:55:53 IST" name="Tuesday_stag_report" finished-at="2024-09-25T20:56:02 IST" duration-ms="8925">
    <groups>
      <group name="qa">
        <method signature="CreateBooking.getBookingId(org.testng.ITestContext,java.lang.String)[pri:0, instance:com.APIAutomation7xBatchPractice.sep23rd.CreateBooking@4593ff34]" name="getBookingId" class="com.APIAutomation7xBatchPractice.sep23rd.CreateBooking"/>
        <method signature="CreateToken.getToken(org.testng.ITestContext)[pri:0, instance:com.APIAutomation7xBatchPractice.sep23rd.CreateToken@27f9e982]" name="getToken" class="com.APIAutomation7xBatchPractice.sep23rd.CreateToken"/>
        <method signature="DeleteCreatedBooking.deleteCreateBooking(org.testng.ITestContext)[pri:0, instance:com.APIAutomation7xBatchPractice.sep23rd.DeleteCreatedBooking@22db8f4]" name="deleteCreateBooking" class="com.APIAutomation7xBatchPractice.sep23rd.DeleteCreatedBooking"/>
        <method signature="GetCreatedBookingDetails.getCreatedBookingDetails(org.testng.ITestContext)[pri:0, instance:com.APIAutomation7xBatchPractice.sep23rd.GetCreatedBookingDetails@37d3d232]" name="getCreatedBookingDetails" class="com.APIAutomation7xBatchPractice.sep23rd.GetCreatedBookingDetails"/>
        <method signature="UpdateCreatedBooking.updateExistingBooking(org.testng.ITestContext)[pri:0, instance:com.APIAutomation7xBatchPractice.sep23rd.UpdateCreatedBooking@30c0ccff]" name="updateExistingBooking" class="com.APIAutomation7xBatchPractice.sep23rd.UpdateCreatedBooking"/>
      </group> <!-- qa -->
      <group name="stag">
        <method signature="CreateBooking.getBookingId(org.testng.ITestContext,java.lang.String)[pri:0, instance:com.APIAutomation7xBatchPractice.sep23rd.CreateBooking@4593ff34]" name="getBookingId" class="com.APIAutomation7xBatchPractice.sep23rd.CreateBooking"/>
        <method signature="CreateToken.getToken(org.testng.ITestContext)[pri:0, instance:com.APIAutomation7xBatchPractice.sep23rd.CreateToken@27f9e982]" name="getToken" class="com.APIAutomation7xBatchPractice.sep23rd.CreateToken"/>
        <method signature="DeleteCreatedBooking.deleteCreateBooking(org.testng.ITestContext)[pri:0, instance:com.APIAutomation7xBatchPractice.sep23rd.DeleteCreatedBooking@22db8f4]" name="deleteCreateBooking" class="com.APIAutomation7xBatchPractice.sep23rd.DeleteCreatedBooking"/>
        <method signature="GetCreatedBookingDetails.getCreatedBookingDetails(org.testng.ITestContext)[pri:0, instance:com.APIAutomation7xBatchPractice.sep23rd.GetCreatedBookingDetails@37d3d232]" name="getCreatedBookingDetails" class="com.APIAutomation7xBatchPractice.sep23rd.GetCreatedBookingDetails"/>
        <method signature="GetDeletedBookingDetails.getDeletedBookingDetails(org.testng.ITestContext)[pri:0, instance:com.APIAutomation7xBatchPractice.sep23rd.GetDeletedBookingDetails@2b46a8c1]" name="getDeletedBookingDetails" class="com.APIAutomation7xBatchPractice.sep23rd.GetDeletedBookingDetails"/>
        <method signature="GetUpdatedBookingDetails.getUpdatedBookingDetails(org.testng.ITestContext)[pri:0, instance:com.APIAutomation7xBatchPractice.sep23rd.GetUpdatedBookingDetails@581d969c]" name="getUpdatedBookingDetails" class="com.APIAutomation7xBatchPractice.sep23rd.GetUpdatedBookingDetails"/>
        <method signature="UpdateCreatedBooking.updateExistingBooking(org.testng.ITestContext)[pri:0, instance:com.APIAutomation7xBatchPractice.sep23rd.UpdateCreatedBooking@30c0ccff]" name="updateExistingBooking" class="com.APIAutomation7xBatchPractice.sep23rd.UpdateCreatedBooking"/>
      </group> <!-- stag -->
      <group name="preprod">
        <method signature="CreateBooking.getBookingId(org.testng.ITestContext,java.lang.String)[pri:0, instance:com.APIAutomation7xBatchPractice.sep23rd.CreateBooking@4593ff34]" name="getBookingId" class="com.APIAutomation7xBatchPractice.sep23rd.CreateBooking"/>
        <method signature="CreateToken.getToken(org.testng.ITestContext)[pri:0, instance:com.APIAutomation7xBatchPractice.sep23rd.CreateToken@27f9e982]" name="getToken" class="com.APIAutomation7xBatchPractice.sep23rd.CreateToken"/>
        <method signature="DeleteCreatedBooking.deleteCreateBooking(org.testng.ITestContext)[pri:0, instance:com.APIAutomation7xBatchPractice.sep23rd.DeleteCreatedBooking@22db8f4]" name="deleteCreateBooking" class="com.APIAutomation7xBatchPractice.sep23rd.DeleteCreatedBooking"/>
        <method signature="GetCreatedBookingDetails.getCreatedBookingDetails(org.testng.ITestContext)[pri:0, instance:com.APIAutomation7xBatchPractice.sep23rd.GetCreatedBookingDetails@37d3d232]" name="getCreatedBookingDetails" class="com.APIAutomation7xBatchPractice.sep23rd.GetCreatedBookingDetails"/>
        <method signature="GetDeletedBookingDetails.getDeletedBookingDetails(org.testng.ITestContext)[pri:0, instance:com.APIAutomation7xBatchPractice.sep23rd.GetDeletedBookingDetails@2b46a8c1]" name="getDeletedBookingDetails" class="com.APIAutomation7xBatchPractice.sep23rd.GetDeletedBookingDetails"/>
        <method signature="GetUpdatedBookingDetails.getUpdatedBookingDetails(org.testng.ITestContext)[pri:0, instance:com.APIAutomation7xBatchPractice.sep23rd.GetUpdatedBookingDetails@581d969c]" name="getUpdatedBookingDetails" class="com.APIAutomation7xBatchPractice.sep23rd.GetUpdatedBookingDetails"/>
        <method signature="UpdateCreatedBooking.updateExistingBooking(org.testng.ITestContext)[pri:0, instance:com.APIAutomation7xBatchPractice.sep23rd.UpdateCreatedBooking@30c0ccff]" name="updateExistingBooking" class="com.APIAutomation7xBatchPractice.sep23rd.UpdateCreatedBooking"/>
      </group> <!-- preprod -->
    </groups>
    <test started-at="2024-09-25T20:55:53 IST" name="Stag Environment" finished-at="2024-09-25T20:56:02 IST" duration-ms="8925">
      <class name="com.APIAutomation7xBatchPractice.sep23rd.CreateToken">
        <test-method signature="getToken(org.testng.ITestContext)[pri:0, instance:com.APIAutomation7xBatchPractice.sep23rd.CreateToken@27f9e982]" started-at="2024-09-25T20:55:53 IST" name="getToken" finished-at="2024-09-25T20:55:55 IST" duration-ms="1423" status="PASS">
          <params>
            <param index="0">
              <value>
                <![CDATA[org.testng.TestRunner@241b971f]]>
              </value>
            </param>
          </params>
          <reporter-output>
          </reporter-output>
        </test-method> <!-- getToken -->
      </class> <!-- com.APIAutomation7xBatchPractice.sep23rd.CreateToken -->
      <class name="com.APIAutomation7xBatchPractice.sep23rd.GetCreatedBookingDetails">
        <test-method signature="getCreatedBookingDetails(org.testng.ITestContext)[pri:0, instance:com.APIAutomation7xBatchPractice.sep23rd.GetCreatedBookingDetails@37d3d232]" started-at="2024-09-25T20:55:55 IST" name="getCreatedBookingDetails" finished-at="2024-09-25T20:55:56 IST" duration-ms="1395" status="FAIL">
          <params>
            <param index="0">
              <value>
                <![CDATA[org.testng.TestRunner@241b971f]]>
              </value>
            </param>
          </params>
          <exception class="io.restassured.path.json.exception.JsonPathException">
            <message>
              <![CDATA[Failed to parse the JSON document]]>
            </message>
            <full-stacktrace>
              <![CDATA[io.restassured.path.json.exception.JsonPathException: Failed to parse the JSON document
at io.restassured.path.json.JsonPath$ExceptionCatcher.invoke(JsonPath.java:1002)
at io.restassured.path.json.JsonPath$4.doParseWith(JsonPath.java:967)
at io.restassured.path.json.JsonPath$JsonParser.parseWith(JsonPath.java:1047)
at io.restassured.path.json.JsonPath.get(JsonPath.java:202)
at io.restassured.path.json.JsonPath.getString(JsonPath.java:352)
at com.APIAutomation7xBatchPractice.sep23rd.GetCreatedBookingDetails.getCreatedBookingDetails(GetCreatedBookingDetails.java:34)
at java.base/jdk.internal.reflect.DirectMethodHandleAccessor.invoke(DirectMethodHandleAccessor.java:103)
at java.base/java.lang.reflect.Method.invoke(Method.java:580)
at org.testng.internal.invokers.MethodInvocationHelper.invokeMethod(MethodInvocationHelper.java:141)
at org.testng.internal.invokers.TestInvoker.invokeMethod(TestInvoker.java:686)
at org.testng.internal.invokers.TestInvoker.invokeTestMethod(TestInvoker.java:230)
at org.testng.internal.invokers.MethodRunner.runInSequence(MethodRunner.java:63)
at org.testng.internal.invokers.TestInvoker$MethodInvocationAgent.invoke(TestInvoker.java:992)
at org.testng.internal.invokers.TestInvoker.invokeTestMethods(TestInvoker.java:203)
at org.testng.internal.invokers.TestMethodWorker.invokeTestMethods(TestMethodWorker.java:154)
at org.testng.internal.invokers.TestMethodWorker.run(TestMethodWorker.java:134)
at java.base/java.util.ArrayList.forEach(ArrayList.java:1597)
at org.testng.TestRunner.privateRun(TestRunner.java:739)
at org.testng.TestRunner.run(TestRunner.java:614)
at org.testng.SuiteRunner.runTest(SuiteRunner.java:421)
at org.testng.SuiteRunner.runSequentially(SuiteRunner.java:413)
at org.testng.SuiteRunner.privateRun(SuiteRunner.java:373)
at org.testng.SuiteRunner.run(SuiteRunner.java:312)
at org.testng.SuiteRunnerWorker.runSuite(SuiteRunnerWorker.java:52)
at org.testng.SuiteRunnerWorker.run(SuiteRunnerWorker.java:95)
at org.testng.TestNG.runSuitesSequentially(TestNG.java:1274)
at org.testng.TestNG.runSuitesLocally(TestNG.java:1208)
at org.testng.TestNG.runSuites(TestNG.java:1112)
at org.testng.TestNG.run(TestNG.java:1079)
at com.APIAutomation7xBatchPractice.sep23rd.RunXmlFiles.main(RunXmlFiles.java:19)
Caused by: groovy.json.JsonException: Lexing failed on line: 1, column: 1, while reading 'N', no possible valid JSON value or punctuation could be recognized.
at groovy.json.JsonLexer.nextToken(JsonLexer.java:86)
at groovy.json.JsonLexer$nextToken.call(Unknown Source)
at io.restassured.internal.path.json.ConfigurableJsonSlurper.parse(ConfigurableJsonSlurper.groovy:97)
at io.restassured.internal.path.json.ConfigurableJsonSlurper$parse.callCurrent(Unknown Source)
at io.restassured.internal.path.json.ConfigurableJsonSlurper.parseText(ConfigurableJsonSlurper.groovy:83)
at io.restassured.path.json.JsonPath$4$1.method(JsonPath.java:965)
at io.restassured.path.json.JsonPath$ExceptionCatcher.invoke(JsonPath.java:1000)
... 29 more
]]>
            </full-stacktrace>
          </exception> <!-- io.restassured.path.json.exception.JsonPathException -->
          <reporter-output>
          </reporter-output>
        </test-method> <!-- getCreatedBookingDetails -->
      </class> <!-- com.APIAutomation7xBatchPractice.sep23rd.GetCreatedBookingDetails -->
      <class name="com.APIAutomation7xBatchPractice.sep23rd.GetDeletedBookingDetails">
        <test-method signature="getDeletedBookingDetails(org.testng.ITestContext)[pri:0, instance:com.APIAutomation7xBatchPractice.sep23rd.GetDeletedBookingDetails@2b46a8c1]" started-at="2024-09-25T20:56:01 IST" name="getDeletedBookingDetails" finished-at="2024-09-25T20:56:02 IST" duration-ms="1352" status="PASS">
          <params>
            <param index="0">
              <value>
                <![CDATA[org.testng.TestRunner@241b971f]]>
              </value>
            </param>
          </params>
          <reporter-output>
          </reporter-output>
        </test-method> <!-- getDeletedBookingDetails -->
      </class> <!-- com.APIAutomation7xBatchPractice.sep23rd.GetDeletedBookingDetails -->
      <class name="com.APIAutomation7xBatchPractice.sep23rd.CreateBooking">
        <test-method signature="getBookingId(org.testng.ITestContext,java.lang.String)[pri:0, instance:com.APIAutomation7xBatchPractice.sep23rd.CreateBooking@4593ff34]" started-at="2024-09-25T20:55:55 IST" name="getBookingId" finished-at="2024-09-25T20:55:55 IST" duration-ms="0" status="FAIL">
          <exception class="org.testng.TestNGException">
            <message>
              <![CDATA[
Parameter 'host' is required by @Test on method getBookingId but has not been marked @Optional or defined
in C:\Users\Dell\IdeaProjects\APIAutomation7xBatchPractice\stag.xml]]>
            </message>
            <full-stacktrace>
              <![CDATA[org.testng.TestNGException: 
Parameter 'host' is required by @Test on method getBookingId but has not been marked @Optional or defined
in C:\Users\Dell\IdeaProjects\APIAutomation7xBatchPractice\stag.xml
at org.testng.internal.Parameters.createParams(Parameters.java:264)
at org.testng.internal.Parameters.createParametersForMethod(Parameters.java:352)
at org.testng.internal.Parameters.createParameters(Parameters.java:690)
at org.testng.internal.Parameters.handleParameters(Parameters.java:885)
at org.testng.internal.Parameters.handleParameters(Parameters.java:734)
at org.testng.internal.invokers.ParameterHandler.handleParameters(ParameterHandler.java:72)
at org.testng.internal.invokers.ParameterHandler.createParameters(ParameterHandler.java:51)
at org.testng.internal.invokers.TestInvoker$MethodInvocationAgent.invoke(TestInvoker.java:946)
at org.testng.internal.invokers.TestInvoker.invokeTestMethods(TestInvoker.java:203)
at org.testng.internal.invokers.TestMethodWorker.invokeTestMethods(TestMethodWorker.java:154)
at org.testng.internal.invokers.TestMethodWorker.run(TestMethodWorker.java:134)
at java.base/java.util.ArrayList.forEach(ArrayList.java:1597)
at org.testng.TestRunner.privateRun(TestRunner.java:739)
at org.testng.TestRunner.run(TestRunner.java:614)
at org.testng.SuiteRunner.runTest(SuiteRunner.java:421)
at org.testng.SuiteRunner.runSequentially(SuiteRunner.java:413)
at org.testng.SuiteRunner.privateRun(SuiteRunner.java:373)
at org.testng.SuiteRunner.run(SuiteRunner.java:312)
at org.testng.SuiteRunnerWorker.runSuite(SuiteRunnerWorker.java:52)
at org.testng.SuiteRunnerWorker.run(SuiteRunnerWorker.java:95)
at org.testng.TestNG.runSuitesSequentially(TestNG.java:1274)
at org.testng.TestNG.runSuitesLocally(TestNG.java:1208)
at org.testng.TestNG.runSuites(TestNG.java:1112)
at org.testng.TestNG.run(TestNG.java:1079)
at com.APIAutomation7xBatchPractice.sep23rd.RunXmlFiles.main(RunXmlFiles.java:19)
]]>
            </full-stacktrace>
          </exception> <!-- org.testng.TestNGException -->
          <reporter-output>
          </reporter-output>
        </test-method> <!-- getBookingId -->
      </class> <!-- com.APIAutomation7xBatchPractice.sep23rd.CreateBooking -->
      <class name="com.APIAutomation7xBatchPractice.sep23rd.DeleteCreatedBooking">
        <test-method signature="deleteCreateBooking(org.testng.ITestContext)[pri:0, instance:com.APIAutomation7xBatchPractice.sep23rd.DeleteCreatedBooking@22db8f4]" started-at="2024-09-25T20:55:59 IST" name="deleteCreateBooking" finished-at="2024-09-25T20:56:01 IST" duration-ms="1376" status="PASS">
          <params>
            <param index="0">
              <value>
                <![CDATA[org.testng.TestRunner@241b971f]]>
              </value>
            </param>
          </params>
          <reporter-output>
          </reporter-output>
        </test-method> <!-- deleteCreateBooking -->
      </class> <!-- com.APIAutomation7xBatchPractice.sep23rd.DeleteCreatedBooking -->
      <class name="com.APIAutomation7xBatchPractice.sep23rd.UpdateCreatedBooking">
        <test-method signature="updateExistingBooking(org.testng.ITestContext)[pri:0, instance:com.APIAutomation7xBatchPractice.sep23rd.UpdateCreatedBooking@30c0ccff]" started-at="2024-09-25T20:55:56 IST" name="updateExistingBooking" finished-at="2024-09-25T20:55:57 IST" duration-ms="1325" status="FAIL">
          <params>
            <param index="0">
              <value>
                <![CDATA[org.testng.TestRunner@241b971f]]>
              </value>
            </param>
          </params>
          <exception class="io.restassured.path.json.exception.JsonPathException">
            <message>
              <![CDATA[Failed to parse the JSON document]]>
            </message>
            <full-stacktrace>
              <![CDATA[io.restassured.path.json.exception.JsonPathException: Failed to parse the JSON document
at io.restassured.path.json.JsonPath$ExceptionCatcher.invoke(JsonPath.java:1002)
at io.restassured.path.json.JsonPath$4.doParseWith(JsonPath.java:967)
at io.restassured.path.json.JsonPath$JsonParser.parseWith(JsonPath.java:1047)
at io.restassured.path.json.JsonPath.get(JsonPath.java:202)
at io.restassured.path.json.JsonPath.getString(JsonPath.java:352)
at com.APIAutomation7xBatchPractice.sep23rd.UpdateCreatedBooking.updateExistingBooking(UpdateCreatedBooking.java:50)
at java.base/jdk.internal.reflect.DirectMethodHandleAccessor.invoke(DirectMethodHandleAccessor.java:103)
at java.base/java.lang.reflect.Method.invoke(Method.java:580)
at org.testng.internal.invokers.MethodInvocationHelper.invokeMethod(MethodInvocationHelper.java:141)
at org.testng.internal.invokers.TestInvoker.invokeMethod(TestInvoker.java:686)
at org.testng.internal.invokers.TestInvoker.invokeTestMethod(TestInvoker.java:230)
at org.testng.internal.invokers.MethodRunner.runInSequence(MethodRunner.java:63)
at org.testng.internal.invokers.TestInvoker$MethodInvocationAgent.invoke(TestInvoker.java:992)
at org.testng.internal.invokers.TestInvoker.invokeTestMethods(TestInvoker.java:203)
at org.testng.internal.invokers.TestMethodWorker.invokeTestMethods(TestMethodWorker.java:154)
at org.testng.internal.invokers.TestMethodWorker.run(TestMethodWorker.java:134)
at java.base/java.util.ArrayList.forEach(ArrayList.java:1597)
at org.testng.TestRunner.privateRun(TestRunner.java:739)
at org.testng.TestRunner.run(TestRunner.java:614)
at org.testng.SuiteRunner.runTest(SuiteRunner.java:421)
at org.testng.SuiteRunner.runSequentially(SuiteRunner.java:413)
at org.testng.SuiteRunner.privateRun(SuiteRunner.java:373)
at org.testng.SuiteRunner.run(SuiteRunner.java:312)
at org.testng.SuiteRunnerWorker.runSuite(SuiteRunnerWorker.java:52)
at org.testng.SuiteRunnerWorker.run(SuiteRunnerWorker.java:95)
at org.testng.TestNG.runSuitesSequentially(TestNG.java:1274)
at org.testng.TestNG.runSuitesLocally(TestNG.java:1208)
at org.testng.TestNG.runSuites(TestNG.java:1112)
at org.testng.TestNG.run(TestNG.java:1079)
at com.APIAutomation7xBatchPractice.sep23rd.RunXmlFiles.main(RunXmlFiles.java:19)
Caused by: groovy.json.JsonException: Lexing failed on line: 1, column: 1, while reading 'M', no possible valid JSON value or punctuation could be recognized.
at groovy.json.JsonLexer.nextToken(JsonLexer.java:86)
at groovy.json.JsonLexer$nextToken.call(Unknown Source)
at io.restassured.internal.path.json.ConfigurableJsonSlurper.parse(ConfigurableJsonSlurper.groovy:97)
at io.restassured.internal.path.json.ConfigurableJsonSlurper$parse.callCurrent(Unknown Source)
at io.restassured.internal.path.json.ConfigurableJsonSlurper.parseText(ConfigurableJsonSlurper.groovy:83)
at io.restassured.path.json.JsonPath$4$1.method(JsonPath.java:965)
at io.restassured.path.json.JsonPath$ExceptionCatcher.invoke(JsonPath.java:1000)
... 29 more
]]>
            </full-stacktrace>
          </exception> <!-- io.restassured.path.json.exception.JsonPathException -->
          <reporter-output>
          </reporter-output>
        </test-method> <!-- updateExistingBooking -->
      </class> <!-- com.APIAutomation7xBatchPractice.sep23rd.UpdateCreatedBooking -->
      <class name="com.APIAutomation7xBatchPractice.sep23rd.GetUpdatedBookingDetails">
        <test-method signature="getUpdatedBookingDetails(org.testng.ITestContext)[pri:0, instance:com.APIAutomation7xBatchPractice.sep23rd.GetUpdatedBookingDetails@581d969c]" started-at="2024-09-25T20:55:57 IST" name="getUpdatedBookingDetails" finished-at="2024-09-25T20:55:59 IST" duration-ms="1964" status="FAIL">
          <params>
            <param index="0">
              <value>
                <![CDATA[org.testng.TestRunner@241b971f]]>
              </value>
            </param>
          </params>
          <exception class="io.restassured.path.json.exception.JsonPathException">
            <message>
              <![CDATA[Failed to parse the JSON document]]>
            </message>
            <full-stacktrace>
              <![CDATA[io.restassured.path.json.exception.JsonPathException: Failed to parse the JSON document
at io.restassured.path.json.JsonPath$ExceptionCatcher.invoke(JsonPath.java:1002)
at io.restassured.path.json.JsonPath$4.doParseWith(JsonPath.java:967)
at io.restassured.path.json.JsonPath$JsonParser.parseWith(JsonPath.java:1047)
at io.restassured.path.json.JsonPath.get(JsonPath.java:202)
at io.restassured.path.json.JsonPath.getString(JsonPath.java:352)
at com.APIAutomation7xBatchPractice.sep23rd.GetUpdatedBookingDetails.getUpdatedBookingDetails(GetUpdatedBookingDetails.java:35)
at java.base/jdk.internal.reflect.DirectMethodHandleAccessor.invoke(DirectMethodHandleAccessor.java:103)
at java.base/java.lang.reflect.Method.invoke(Method.java:580)
at org.testng.internal.invokers.MethodInvocationHelper.invokeMethod(MethodInvocationHelper.java:141)
at org.testng.internal.invokers.TestInvoker.invokeMethod(TestInvoker.java:686)
at org.testng.internal.invokers.TestInvoker.invokeTestMethod(TestInvoker.java:230)
at org.testng.internal.invokers.MethodRunner.runInSequence(MethodRunner.java:63)
at org.testng.internal.invokers.TestInvoker$MethodInvocationAgent.invoke(TestInvoker.java:992)
at org.testng.internal.invokers.TestInvoker.invokeTestMethods(TestInvoker.java:203)
at org.testng.internal.invokers.TestMethodWorker.invokeTestMethods(TestMethodWorker.java:154)
at org.testng.internal.invokers.TestMethodWorker.run(TestMethodWorker.java:134)
at java.base/java.util.ArrayList.forEach(ArrayList.java:1597)
at org.testng.TestRunner.privateRun(TestRunner.java:739)
at org.testng.TestRunner.run(TestRunner.java:614)
at org.testng.SuiteRunner.runTest(SuiteRunner.java:421)
at org.testng.SuiteRunner.runSequentially(SuiteRunner.java:413)
at org.testng.SuiteRunner.privateRun(SuiteRunner.java:373)
at org.testng.SuiteRunner.run(SuiteRunner.java:312)
at org.testng.SuiteRunnerWorker.runSuite(SuiteRunnerWorker.java:52)
at org.testng.SuiteRunnerWorker.run(SuiteRunnerWorker.java:95)
at org.testng.TestNG.runSuitesSequentially(TestNG.java:1274)
at org.testng.TestNG.runSuitesLocally(TestNG.java:1208)
at org.testng.TestNG.runSuites(TestNG.java:1112)
at org.testng.TestNG.run(TestNG.java:1079)
at com.APIAutomation7xBatchPractice.sep23rd.RunXmlFiles.main(RunXmlFiles.java:19)
Caused by: groovy.json.JsonException: Lexing failed on line: 1, column: 1, while reading 'N', no possible valid JSON value or punctuation could be recognized.
at groovy.json.JsonLexer.nextToken(JsonLexer.java:86)
at groovy.json.JsonLexer$nextToken.call(Unknown Source)
at io.restassured.internal.path.json.ConfigurableJsonSlurper.parse(ConfigurableJsonSlurper.groovy:97)
at io.restassured.internal.path.json.ConfigurableJsonSlurper$parse.callCurrent(Unknown Source)
at io.restassured.internal.path.json.ConfigurableJsonSlurper.parseText(ConfigurableJsonSlurper.groovy:83)
at io.restassured.path.json.JsonPath$4$1.method(JsonPath.java:965)
at io.restassured.path.json.JsonPath$ExceptionCatcher.invoke(JsonPath.java:1000)
... 29 more
]]>
            </full-stacktrace>
          </exception> <!-- io.restassured.path.json.exception.JsonPathException -->
          <reporter-output>
          </reporter-output>
        </test-method> <!-- getUpdatedBookingDetails -->
      </class> <!-- com.APIAutomation7xBatchPractice.sep23rd.GetUpdatedBookingDetails -->
    </test> <!-- Stag Environment -->
  </suite> <!-- Tuesday_stag_report -->
  <suite started-at="2024-09-25T20:56:02 IST" name="Tuesday_preprod_Report" finished-at="2024-09-25T20:56:12 IST" duration-ms="10316">
    <groups>
      <group name="qa">
        <method signature="CreateBooking.getBookingId(org.testng.ITestContext,java.lang.String)[pri:0, instance:com.APIAutomation7xBatchPractice.sep23rd.CreateBooking@46cf05f7]" name="getBookingId" class="com.APIAutomation7xBatchPractice.sep23rd.CreateBooking"/>
        <method signature="CreateToken.getToken(org.testng.ITestContext)[pri:0, instance:com.APIAutomation7xBatchPractice.sep23rd.CreateToken@29caf222]" name="getToken" class="com.APIAutomation7xBatchPractice.sep23rd.CreateToken"/>
        <method signature="DeleteCreatedBooking.deleteCreateBooking(org.testng.ITestContext)[pri:0, instance:com.APIAutomation7xBatchPractice.sep23rd.DeleteCreatedBooking@3caa4757]" name="deleteCreateBooking" class="com.APIAutomation7xBatchPractice.sep23rd.DeleteCreatedBooking"/>
        <method signature="GetCreatedBookingDetails.getCreatedBookingDetails(org.testng.ITestContext)[pri:0, instance:com.APIAutomation7xBatchPractice.sep23rd.GetCreatedBookingDetails@5851bd4f]" name="getCreatedBookingDetails" class="com.APIAutomation7xBatchPractice.sep23rd.GetCreatedBookingDetails"/>
        <method signature="UpdateCreatedBooking.updateExistingBooking(org.testng.ITestContext)[pri:0, instance:com.APIAutomation7xBatchPractice.sep23rd.UpdateCreatedBooking@7cd1ac19]" name="updateExistingBooking" class="com.APIAutomation7xBatchPractice.sep23rd.UpdateCreatedBooking"/>
      </group> <!-- qa -->
      <group name="stag">
        <method signature="CreateBooking.getBookingId(org.testng.ITestContext,java.lang.String)[pri:0, instance:com.APIAutomation7xBatchPractice.sep23rd.CreateBooking@46cf05f7]" name="getBookingId" class="com.APIAutomation7xBatchPractice.sep23rd.CreateBooking"/>
        <method signature="CreateToken.getToken(org.testng.ITestContext)[pri:0, instance:com.APIAutomation7xBatchPractice.sep23rd.CreateToken@29caf222]" name="getToken" class="com.APIAutomation7xBatchPractice.sep23rd.CreateToken"/>
        <method signature="DeleteCreatedBooking.deleteCreateBooking(org.testng.ITestContext)[pri:0, instance:com.APIAutomation7xBatchPractice.sep23rd.DeleteCreatedBooking@3caa4757]" name="deleteCreateBooking" class="com.APIAutomation7xBatchPractice.sep23rd.DeleteCreatedBooking"/>
        <method signature="GetCreatedBookingDetails.getCreatedBookingDetails(org.testng.ITestContext)[pri:0, instance:com.APIAutomation7xBatchPractice.sep23rd.GetCreatedBookingDetails@5851bd4f]" name="getCreatedBookingDetails" class="com.APIAutomation7xBatchPractice.sep23rd.GetCreatedBookingDetails"/>
        <method signature="GetDeletedBookingDetails.getDeletedBookingDetails(org.testng.ITestContext)[pri:0, instance:com.APIAutomation7xBatchPractice.sep23rd.GetDeletedBookingDetails@69c43e48]" name="getDeletedBookingDetails" class="com.APIAutomation7xBatchPractice.sep23rd.GetDeletedBookingDetails"/>
        <method signature="GetUpdatedBookingDetails.getUpdatedBookingDetails(org.testng.ITestContext)[pri:0, instance:com.APIAutomation7xBatchPractice.sep23rd.GetUpdatedBookingDetails@2f40a43]" name="getUpdatedBookingDetails" class="com.APIAutomation7xBatchPractice.sep23rd.GetUpdatedBookingDetails"/>
        <method signature="UpdateCreatedBooking.updateExistingBooking(org.testng.ITestContext)[pri:0, instance:com.APIAutomation7xBatchPractice.sep23rd.UpdateCreatedBooking@7cd1ac19]" name="updateExistingBooking" class="com.APIAutomation7xBatchPractice.sep23rd.UpdateCreatedBooking"/>
      </group> <!-- stag -->
      <group name="preprod">
        <method signature="CreateBooking.getBookingId(org.testng.ITestContext,java.lang.String)[pri:0, instance:com.APIAutomation7xBatchPractice.sep23rd.CreateBooking@46cf05f7]" name="getBookingId" class="com.APIAutomation7xBatchPractice.sep23rd.CreateBooking"/>
        <method signature="CreateToken.getToken(org.testng.ITestContext)[pri:0, instance:com.APIAutomation7xBatchPractice.sep23rd.CreateToken@29caf222]" name="getToken" class="com.APIAutomation7xBatchPractice.sep23rd.CreateToken"/>
        <method signature="DeleteCreatedBooking.deleteCreateBooking(org.testng.ITestContext)[pri:0, instance:com.APIAutomation7xBatchPractice.sep23rd.DeleteCreatedBooking@3caa4757]" name="deleteCreateBooking" class="com.APIAutomation7xBatchPractice.sep23rd.DeleteCreatedBooking"/>
        <method signature="GetCreatedBookingDetails.getCreatedBookingDetails(org.testng.ITestContext)[pri:0, instance:com.APIAutomation7xBatchPractice.sep23rd.GetCreatedBookingDetails@5851bd4f]" name="getCreatedBookingDetails" class="com.APIAutomation7xBatchPractice.sep23rd.GetCreatedBookingDetails"/>
        <method signature="GetDeletedBookingDetails.getDeletedBookingDetails(org.testng.ITestContext)[pri:0, instance:com.APIAutomation7xBatchPractice.sep23rd.GetDeletedBookingDetails@69c43e48]" name="getDeletedBookingDetails" class="com.APIAutomation7xBatchPractice.sep23rd.GetDeletedBookingDetails"/>
        <method signature="GetUpdatedBookingDetails.getUpdatedBookingDetails(org.testng.ITestContext)[pri:0, instance:com.APIAutomation7xBatchPractice.sep23rd.GetUpdatedBookingDetails@2f40a43]" name="getUpdatedBookingDetails" class="com.APIAutomation7xBatchPractice.sep23rd.GetUpdatedBookingDetails"/>
        <method signature="UpdateCreatedBooking.updateExistingBooking(org.testng.ITestContext)[pri:0, instance:com.APIAutomation7xBatchPractice.sep23rd.UpdateCreatedBooking@7cd1ac19]" name="updateExistingBooking" class="com.APIAutomation7xBatchPractice.sep23rd.UpdateCreatedBooking"/>
      </group> <!-- preprod -->
    </groups>
    <test started-at="2024-09-25T20:56:02 IST" name="PreProd Environment" finished-at="2024-09-25T20:56:12 IST" duration-ms="10316">
      <class name="com.APIAutomation7xBatchPractice.sep23rd.CreateToken">
        <test-method signature="getToken(org.testng.ITestContext)[pri:0, instance:com.APIAutomation7xBatchPractice.sep23rd.CreateToken@29caf222]" started-at="2024-09-25T20:56:02 IST" name="getToken" finished-at="2024-09-25T20:56:06 IST" duration-ms="3480" status="FAIL">
          <params>
            <param index="0">
              <value>
                <![CDATA[org.testng.TestRunner@71bb8b34]]>
              </value>
            </param>
          </params>
          <exception class="java.lang.AssertionError">
            <message>
              <![CDATA[
Expecting actual:
  3422L
to be between:
  [1000L, 3000L]
]]>
            </message>
            <full-stacktrace>
              <![CDATA[java.lang.AssertionError: 
Expecting actual:
  3422L
to be between:
  [1000L, 3000L]

at com.APIAutomation7xBatchPractice.sep23rd.CreateToken.getToken(CreateToken.java:46)
at java.base/jdk.internal.reflect.DirectMethodHandleAccessor.invoke(DirectMethodHandleAccessor.java:103)
at java.base/java.lang.reflect.Method.invoke(Method.java:580)
at org.testng.internal.invokers.MethodInvocationHelper.invokeMethod(MethodInvocationHelper.java:141)
at org.testng.internal.invokers.TestInvoker.invokeMethod(TestInvoker.java:686)
at org.testng.internal.invokers.TestInvoker.invokeTestMethod(TestInvoker.java:230)
at org.testng.internal.invokers.MethodRunner.runInSequence(MethodRunner.java:63)
at org.testng.internal.invokers.TestInvoker$MethodInvocationAgent.invoke(TestInvoker.java:992)
at org.testng.internal.invokers.TestInvoker.invokeTestMethods(TestInvoker.java:203)
at org.testng.internal.invokers.TestMethodWorker.invokeTestMethods(TestMethodWorker.java:154)
at org.testng.internal.invokers.TestMethodWorker.run(TestMethodWorker.java:134)
at java.base/java.util.ArrayList.forEach(ArrayList.java:1597)
at org.testng.TestRunner.privateRun(TestRunner.java:739)
at org.testng.TestRunner.run(TestRunner.java:614)
at org.testng.SuiteRunner.runTest(SuiteRunner.java:421)
at org.testng.SuiteRunner.runSequentially(SuiteRunner.java:413)
at org.testng.SuiteRunner.privateRun(SuiteRunner.java:373)
at org.testng.SuiteRunner.run(SuiteRunner.java:312)
at org.testng.SuiteRunnerWorker.runSuite(SuiteRunnerWorker.java:52)
at org.testng.SuiteRunnerWorker.run(SuiteRunnerWorker.java:95)
at org.testng.TestNG.runSuitesSequentially(TestNG.java:1274)
at org.testng.TestNG.runSuitesLocally(TestNG.java:1208)
at org.testng.TestNG.runSuites(TestNG.java:1112)
at org.testng.TestNG.run(TestNG.java:1079)
at com.APIAutomation7xBatchPractice.sep23rd.RunXmlFiles.main(RunXmlFiles.java:19)
]]>
            </full-stacktrace>
          </exception> <!-- java.lang.AssertionError -->
          <reporter-output>
          </reporter-output>
        </test-method> <!-- getToken -->
      </class> <!-- com.APIAutomation7xBatchPractice.sep23rd.CreateToken -->
      <class name="com.APIAutomation7xBatchPractice.sep23rd.GetCreatedBookingDetails">
        <test-method signature="getCreatedBookingDetails(org.testng.ITestContext)[pri:0, instance:com.APIAutomation7xBatchPractice.sep23rd.GetCreatedBookingDetails@5851bd4f]" started-at="2024-09-25T20:56:06 IST" name="getCreatedBookingDetails" finished-at="2024-09-25T20:56:07 IST" duration-ms="1324" status="FAIL">
          <params>
            <param index="0">
              <value>
                <![CDATA[org.testng.TestRunner@71bb8b34]]>
              </value>
            </param>
          </params>
          <exception class="io.restassured.path.json.exception.JsonPathException">
            <message>
              <![CDATA[Failed to parse the JSON document]]>
            </message>
            <full-stacktrace>
              <![CDATA[io.restassured.path.json.exception.JsonPathException: Failed to parse the JSON document
at io.restassured.path.json.JsonPath$ExceptionCatcher.invoke(JsonPath.java:1002)
at io.restassured.path.json.JsonPath$4.doParseWith(JsonPath.java:967)
at io.restassured.path.json.JsonPath$JsonParser.parseWith(JsonPath.java:1047)
at io.restassured.path.json.JsonPath.get(JsonPath.java:202)
at io.restassured.path.json.JsonPath.getString(JsonPath.java:352)
at com.APIAutomation7xBatchPractice.sep23rd.GetCreatedBookingDetails.getCreatedBookingDetails(GetCreatedBookingDetails.java:34)
at java.base/jdk.internal.reflect.DirectMethodHandleAccessor.invoke(DirectMethodHandleAccessor.java:103)
at java.base/java.lang.reflect.Method.invoke(Method.java:580)
at org.testng.internal.invokers.MethodInvocationHelper.invokeMethod(MethodInvocationHelper.java:141)
at org.testng.internal.invokers.TestInvoker.invokeMethod(TestInvoker.java:686)
at org.testng.internal.invokers.TestInvoker.invokeTestMethod(TestInvoker.java:230)
at org.testng.internal.invokers.MethodRunner.runInSequence(MethodRunner.java:63)
at org.testng.internal.invokers.TestInvoker$MethodInvocationAgent.invoke(TestInvoker.java:992)
at org.testng.internal.invokers.TestInvoker.invokeTestMethods(TestInvoker.java:203)
at org.testng.internal.invokers.TestMethodWorker.invokeTestMethods(TestMethodWorker.java:154)
at org.testng.internal.invokers.TestMethodWorker.run(TestMethodWorker.java:134)
at java.base/java.util.ArrayList.forEach(ArrayList.java:1597)
at org.testng.TestRunner.privateRun(TestRunner.java:739)
at org.testng.TestRunner.run(TestRunner.java:614)
at org.testng.SuiteRunner.runTest(SuiteRunner.java:421)
at org.testng.SuiteRunner.runSequentially(SuiteRunner.java:413)
at org.testng.SuiteRunner.privateRun(SuiteRunner.java:373)
at org.testng.SuiteRunner.run(SuiteRunner.java:312)
at org.testng.SuiteRunnerWorker.runSuite(SuiteRunnerWorker.java:52)
at org.testng.SuiteRunnerWorker.run(SuiteRunnerWorker.java:95)
at org.testng.TestNG.runSuitesSequentially(TestNG.java:1274)
at org.testng.TestNG.runSuitesLocally(TestNG.java:1208)
at org.testng.TestNG.runSuites(TestNG.java:1112)
at org.testng.TestNG.run(TestNG.java:1079)
at com.APIAutomation7xBatchPractice.sep23rd.RunXmlFiles.main(RunXmlFiles.java:19)
Caused by: groovy.json.JsonException: Lexing failed on line: 1, column: 1, while reading 'N', no possible valid JSON value or punctuation could be recognized.
at groovy.json.JsonLexer.nextToken(JsonLexer.java:86)
at groovy.json.JsonLexer$nextToken.call(Unknown Source)
at io.restassured.internal.path.json.ConfigurableJsonSlurper.parse(ConfigurableJsonSlurper.groovy:97)
at io.restassured.internal.path.json.ConfigurableJsonSlurper$parse.callCurrent(Unknown Source)
at io.restassured.internal.path.json.ConfigurableJsonSlurper.parseText(ConfigurableJsonSlurper.groovy:83)
at io.restassured.path.json.JsonPath$4$1.method(JsonPath.java:965)
at io.restassured.path.json.JsonPath$ExceptionCatcher.invoke(JsonPath.java:1000)
... 29 more
]]>
            </full-stacktrace>
          </exception> <!-- io.restassured.path.json.exception.JsonPathException -->
          <reporter-output>
          </reporter-output>
        </test-method> <!-- getCreatedBookingDetails -->
      </class> <!-- com.APIAutomation7xBatchPractice.sep23rd.GetCreatedBookingDetails -->
      <class name="com.APIAutomation7xBatchPractice.sep23rd.GetDeletedBookingDetails">
        <test-method signature="getDeletedBookingDetails(org.testng.ITestContext)[pri:0, instance:com.APIAutomation7xBatchPractice.sep23rd.GetDeletedBookingDetails@69c43e48]" started-at="2024-09-25T20:56:11 IST" name="getDeletedBookingDetails" finished-at="2024-09-25T20:56:12 IST" duration-ms="1368" status="PASS">
          <params>
            <param index="0">
              <value>
                <![CDATA[org.testng.TestRunner@71bb8b34]]>
              </value>
            </param>
          </params>
          <reporter-output>
          </reporter-output>
        </test-method> <!-- getDeletedBookingDetails -->
      </class> <!-- com.APIAutomation7xBatchPractice.sep23rd.GetDeletedBookingDetails -->
      <class name="com.APIAutomation7xBatchPractice.sep23rd.CreateBooking">
        <test-method signature="getBookingId(org.testng.ITestContext,java.lang.String)[pri:0, instance:com.APIAutomation7xBatchPractice.sep23rd.CreateBooking@46cf05f7]" started-at="2024-09-25T20:56:06 IST" name="getBookingId" finished-at="2024-09-25T20:56:06 IST" duration-ms="0" status="FAIL">
          <exception class="org.testng.TestNGException">
            <message>
              <![CDATA[
Parameter 'host' is required by @Test on method getBookingId but has not been marked @Optional or defined
in C:\Users\Dell\IdeaProjects\APIAutomation7xBatchPractice\preprod.xml]]>
            </message>
            <full-stacktrace>
              <![CDATA[org.testng.TestNGException: 
Parameter 'host' is required by @Test on method getBookingId but has not been marked @Optional or defined
in C:\Users\Dell\IdeaProjects\APIAutomation7xBatchPractice\preprod.xml
at org.testng.internal.Parameters.createParams(Parameters.java:264)
at org.testng.internal.Parameters.createParametersForMethod(Parameters.java:352)
at org.testng.internal.Parameters.createParameters(Parameters.java:690)
at org.testng.internal.Parameters.handleParameters(Parameters.java:885)
at org.testng.internal.Parameters.handleParameters(Parameters.java:734)
at org.testng.internal.invokers.ParameterHandler.handleParameters(ParameterHandler.java:72)
at org.testng.internal.invokers.ParameterHandler.createParameters(ParameterHandler.java:51)
at org.testng.internal.invokers.TestInvoker$MethodInvocationAgent.invoke(TestInvoker.java:946)
at org.testng.internal.invokers.TestInvoker.invokeTestMethods(TestInvoker.java:203)
at org.testng.internal.invokers.TestMethodWorker.invokeTestMethods(TestMethodWorker.java:154)
at org.testng.internal.invokers.TestMethodWorker.run(TestMethodWorker.java:134)
at java.base/java.util.ArrayList.forEach(ArrayList.java:1597)
at org.testng.TestRunner.privateRun(TestRunner.java:739)
at org.testng.TestRunner.run(TestRunner.java:614)
at org.testng.SuiteRunner.runTest(SuiteRunner.java:421)
at org.testng.SuiteRunner.runSequentially(SuiteRunner.java:413)
at org.testng.SuiteRunner.privateRun(SuiteRunner.java:373)
at org.testng.SuiteRunner.run(SuiteRunner.java:312)
at org.testng.SuiteRunnerWorker.runSuite(SuiteRunnerWorker.java:52)
at org.testng.SuiteRunnerWorker.run(SuiteRunnerWorker.java:95)
at org.testng.TestNG.runSuitesSequentially(TestNG.java:1274)
at org.testng.TestNG.runSuitesLocally(TestNG.java:1208)
at org.testng.TestNG.runSuites(TestNG.java:1112)
at org.testng.TestNG.run(TestNG.java:1079)
at com.APIAutomation7xBatchPractice.sep23rd.RunXmlFiles.main(RunXmlFiles.java:19)
]]>
            </full-stacktrace>
          </exception> <!-- org.testng.TestNGException -->
          <reporter-output>
          </reporter-output>
        </test-method> <!-- getBookingId -->
      </class> <!-- com.APIAutomation7xBatchPractice.sep23rd.CreateBooking -->
      <class name="com.APIAutomation7xBatchPractice.sep23rd.DeleteCreatedBooking">
        <test-method signature="deleteCreateBooking(org.testng.ITestContext)[pri:0, instance:com.APIAutomation7xBatchPractice.sep23rd.DeleteCreatedBooking@3caa4757]" started-at="2024-09-25T20:56:10 IST" name="deleteCreateBooking" finished-at="2024-09-25T20:56:11 IST" duration-ms="1312" status="PASS">
          <params>
            <param index="0">
              <value>
                <![CDATA[org.testng.TestRunner@71bb8b34]]>
              </value>
            </param>
          </params>
          <reporter-output>
          </reporter-output>
        </test-method> <!-- deleteCreateBooking -->
      </class> <!-- com.APIAutomation7xBatchPractice.sep23rd.DeleteCreatedBooking -->
      <class name="com.APIAutomation7xBatchPractice.sep23rd.UpdateCreatedBooking">
        <test-method signature="updateExistingBooking(org.testng.ITestContext)[pri:0, instance:com.APIAutomation7xBatchPractice.sep23rd.UpdateCreatedBooking@7cd1ac19]" started-at="2024-09-25T20:56:07 IST" name="updateExistingBooking" finished-at="2024-09-25T20:56:08 IST" duration-ms="1392" status="FAIL">
          <params>
            <param index="0">
              <value>
                <![CDATA[org.testng.TestRunner@71bb8b34]]>
              </value>
            </param>
          </params>
          <exception class="io.restassured.path.json.exception.JsonPathException">
            <message>
              <![CDATA[Failed to parse the JSON document]]>
            </message>
            <full-stacktrace>
              <![CDATA[io.restassured.path.json.exception.JsonPathException: Failed to parse the JSON document
at io.restassured.path.json.JsonPath$ExceptionCatcher.invoke(JsonPath.java:1002)
at io.restassured.path.json.JsonPath$4.doParseWith(JsonPath.java:967)
at io.restassured.path.json.JsonPath$JsonParser.parseWith(JsonPath.java:1047)
at io.restassured.path.json.JsonPath.get(JsonPath.java:202)
at io.restassured.path.json.JsonPath.getString(JsonPath.java:352)
at com.APIAutomation7xBatchPractice.sep23rd.UpdateCreatedBooking.updateExistingBooking(UpdateCreatedBooking.java:50)
at java.base/jdk.internal.reflect.DirectMethodHandleAccessor.invoke(DirectMethodHandleAccessor.java:103)
at java.base/java.lang.reflect.Method.invoke(Method.java:580)
at org.testng.internal.invokers.MethodInvocationHelper.invokeMethod(MethodInvocationHelper.java:141)
at org.testng.internal.invokers.TestInvoker.invokeMethod(TestInvoker.java:686)
at org.testng.internal.invokers.TestInvoker.invokeTestMethod(TestInvoker.java:230)
at org.testng.internal.invokers.MethodRunner.runInSequence(MethodRunner.java:63)
at org.testng.internal.invokers.TestInvoker$MethodInvocationAgent.invoke(TestInvoker.java:992)
at org.testng.internal.invokers.TestInvoker.invokeTestMethods(TestInvoker.java:203)
at org.testng.internal.invokers.TestMethodWorker.invokeTestMethods(TestMethodWorker.java:154)
at org.testng.internal.invokers.TestMethodWorker.run(TestMethodWorker.java:134)
at java.base/java.util.ArrayList.forEach(ArrayList.java:1597)
at org.testng.TestRunner.privateRun(TestRunner.java:739)
at org.testng.TestRunner.run(TestRunner.java:614)
at org.testng.SuiteRunner.runTest(SuiteRunner.java:421)
at org.testng.SuiteRunner.runSequentially(SuiteRunner.java:413)
at org.testng.SuiteRunner.privateRun(SuiteRunner.java:373)
at org.testng.SuiteRunner.run(SuiteRunner.java:312)
at org.testng.SuiteRunnerWorker.runSuite(SuiteRunnerWorker.java:52)
at org.testng.SuiteRunnerWorker.run(SuiteRunnerWorker.java:95)
at org.testng.TestNG.runSuitesSequentially(TestNG.java:1274)
at org.testng.TestNG.runSuitesLocally(TestNG.java:1208)
at org.testng.TestNG.runSuites(TestNG.java:1112)
at org.testng.TestNG.run(TestNG.java:1079)
at com.APIAutomation7xBatchPractice.sep23rd.RunXmlFiles.main(RunXmlFiles.java:19)
Caused by: groovy.json.JsonException: Lexing failed on line: 1, column: 1, while reading 'F', no possible valid JSON value or punctuation could be recognized.
at groovy.json.JsonLexer.nextToken(JsonLexer.java:86)
at groovy.json.JsonLexer$nextToken.call(Unknown Source)
at io.restassured.internal.path.json.ConfigurableJsonSlurper.parse(ConfigurableJsonSlurper.groovy:97)
at io.restassured.internal.path.json.ConfigurableJsonSlurper$parse.callCurrent(Unknown Source)
at io.restassured.internal.path.json.ConfigurableJsonSlurper.parseText(ConfigurableJsonSlurper.groovy:83)
at io.restassured.path.json.JsonPath$4$1.method(JsonPath.java:965)
at io.restassured.path.json.JsonPath$ExceptionCatcher.invoke(JsonPath.java:1000)
... 29 more
]]>
            </full-stacktrace>
          </exception> <!-- io.restassured.path.json.exception.JsonPathException -->
          <reporter-output>
          </reporter-output>
        </test-method> <!-- updateExistingBooking -->
      </class> <!-- com.APIAutomation7xBatchPractice.sep23rd.UpdateCreatedBooking -->
      <class name="com.APIAutomation7xBatchPractice.sep23rd.GetUpdatedBookingDetails">
        <test-method signature="getUpdatedBookingDetails(org.testng.ITestContext)[pri:0, instance:com.APIAutomation7xBatchPractice.sep23rd.GetUpdatedBookingDetails@2f40a43]" started-at="2024-09-25T20:56:08 IST" name="getUpdatedBookingDetails" finished-at="2024-09-25T20:56:10 IST" duration-ms="1367" status="FAIL">
          <params>
            <param index="0">
              <value>
                <![CDATA[org.testng.TestRunner@71bb8b34]]>
              </value>
            </param>
          </params>
          <exception class="io.restassured.path.json.exception.JsonPathException">
            <message>
              <![CDATA[Failed to parse the JSON document]]>
            </message>
            <full-stacktrace>
              <![CDATA[io.restassured.path.json.exception.JsonPathException: Failed to parse the JSON document
at io.restassured.path.json.JsonPath$ExceptionCatcher.invoke(JsonPath.java:1002)
at io.restassured.path.json.JsonPath$4.doParseWith(JsonPath.java:967)
at io.restassured.path.json.JsonPath$JsonParser.parseWith(JsonPath.java:1047)
at io.restassured.path.json.JsonPath.get(JsonPath.java:202)
at io.restassured.path.json.JsonPath.getString(JsonPath.java:352)
at com.APIAutomation7xBatchPractice.sep23rd.GetUpdatedBookingDetails.getUpdatedBookingDetails(GetUpdatedBookingDetails.java:35)
at java.base/jdk.internal.reflect.DirectMethodHandleAccessor.invoke(DirectMethodHandleAccessor.java:103)
at java.base/java.lang.reflect.Method.invoke(Method.java:580)
at org.testng.internal.invokers.MethodInvocationHelper.invokeMethod(MethodInvocationHelper.java:141)
at org.testng.internal.invokers.TestInvoker.invokeMethod(TestInvoker.java:686)
at org.testng.internal.invokers.TestInvoker.invokeTestMethod(TestInvoker.java:230)
at org.testng.internal.invokers.MethodRunner.runInSequence(MethodRunner.java:63)
at org.testng.internal.invokers.TestInvoker$MethodInvocationAgent.invoke(TestInvoker.java:992)
at org.testng.internal.invokers.TestInvoker.invokeTestMethods(TestInvoker.java:203)
at org.testng.internal.invokers.TestMethodWorker.invokeTestMethods(TestMethodWorker.java:154)
at org.testng.internal.invokers.TestMethodWorker.run(TestMethodWorker.java:134)
at java.base/java.util.ArrayList.forEach(ArrayList.java:1597)
at org.testng.TestRunner.privateRun(TestRunner.java:739)
at org.testng.TestRunner.run(TestRunner.java:614)
at org.testng.SuiteRunner.runTest(SuiteRunner.java:421)
at org.testng.SuiteRunner.runSequentially(SuiteRunner.java:413)
at org.testng.SuiteRunner.privateRun(SuiteRunner.java:373)
at org.testng.SuiteRunner.run(SuiteRunner.java:312)
at org.testng.SuiteRunnerWorker.runSuite(SuiteRunnerWorker.java:52)
at org.testng.SuiteRunnerWorker.run(SuiteRunnerWorker.java:95)
at org.testng.TestNG.runSuitesSequentially(TestNG.java:1274)
at org.testng.TestNG.runSuitesLocally(TestNG.java:1208)
at org.testng.TestNG.runSuites(TestNG.java:1112)
at org.testng.TestNG.run(TestNG.java:1079)
at com.APIAutomation7xBatchPractice.sep23rd.RunXmlFiles.main(RunXmlFiles.java:19)
Caused by: groovy.json.JsonException: Lexing failed on line: 1, column: 1, while reading 'N', no possible valid JSON value or punctuation could be recognized.
at groovy.json.JsonLexer.nextToken(JsonLexer.java:86)
at groovy.json.JsonLexer$nextToken.call(Unknown Source)
at io.restassured.internal.path.json.ConfigurableJsonSlurper.parse(ConfigurableJsonSlurper.groovy:97)
at io.restassured.internal.path.json.ConfigurableJsonSlurper$parse.callCurrent(Unknown Source)
at io.restassured.internal.path.json.ConfigurableJsonSlurper.parseText(ConfigurableJsonSlurper.groovy:83)
at io.restassured.path.json.JsonPath$4$1.method(JsonPath.java:965)
at io.restassured.path.json.JsonPath$ExceptionCatcher.invoke(JsonPath.java:1000)
... 29 more
]]>
            </full-stacktrace>
          </exception> <!-- io.restassured.path.json.exception.JsonPathException -->
          <reporter-output>
          </reporter-output>
        </test-method> <!-- getUpdatedBookingDetails -->
      </class> <!-- com.APIAutomation7xBatchPractice.sep23rd.GetUpdatedBookingDetails -->
    </test> <!-- PreProd Environment -->
  </suite> <!-- Tuesday_preprod_Report -->
</testng-results>
